Using gpu device 0: GeForce GTX TITAN X
/afs/cs.wisc.edu/u/s/i/sidharth/private/pylearn2/pylearn2/utils/image.py:16: UserWarning: Unable to import matplotlib. Some features unavailable. Original exception: could not open display
  "Original exception: " + str(matplotlib_exception))
/afs/cs.wisc.edu/u/s/i/sidharth/private/pylearn2/pylearn2/model_extensions/norm_constraint.py:97: UserWarning: MaxL2FilterNorm is deprecated and may be removed on or after 2016-01-31. Use ConstrainFilterL2Norm.
  warnings.warn("MaxL2FilterNorm is deprecated and may be removed on or"
Input shape: (96, 96)
Detector space: (92, 92)
Output space: (46, 46)
Input shape: (46, 46)
Detector space: (42, 42)
Output space: (21, 21)
Input shape: (21, 21)
Detector space: (17, 17)
Output space: (9, 9)
Loading data took 134.332 ms
Loading data took 134.321 ms
Parameter and initial learning rate summary:
	h2_W: 8.09999979538e-06
	h2_b: 9.99999974738e-06
	h3_W: 8.09999979538e-06
	h3_b: 9.99999974738e-06
	h4_W: 6.39999983832e-06
	h4_b: 9.99999974738e-06
	softmax_b: 9.99999974738e-06
	softmax_W: 6.39999983832e-06
Compiling sgd_update...
Compiling sgd_update done. Time elapsed: 2.996363 seconds
Time this epoch: 0:01:08.150216
compiling begin_record_entry...
compiling begin_record_entry done. Time elapsed: 0.031031 seconds
Monitored channels: 
	learning_rate
	momentum
	total_seconds_last_epoch
	training_seconds_this_epoch
	valid_objective
	valid_y_misclass
Compiling accum...
graph size: 175
Compiling accum done. Time elapsed: 1.152521 seconds
Monitoring step:
	Epochs seen: 1
	Batches seen: 200
	Examples seen: 20000
	learning_rate: 1.00000024759e-05
	momentum: 0.599999666214
	total_seconds_last_epoch: 0.0
	training_seconds_this_epoch: 68.1501998901
	valid_objective: 0.48189997673
	valid_y_misclass: 0.206000000238
Saving to best_model_20.pkl...
Saving to best_model_20.pkl done. Time elapsed: 5.689858 seconds
Time this epoch: 0:02:07.347565
Monitoring step:
	Epochs seen: 2
	Batches seen: 400
	Examples seen: 40000
	learning_rate: 1.00000024759e-05
	momentum: 0.599999666214
	total_seconds_last_epoch: 83.1921310425
	training_seconds_this_epoch: 127.347488403
	valid_objective: 0.459958851337
	valid_y_misclass: 0.218250006437
Time this epoch: 0:02:18.284670
Monitoring step:
	Epochs seen: 3
	Batches seen: 600
	Examples seen: 60000
	learning_rate: 1.00000024759e-05
	momentum: 0.599999666214
	total_seconds_last_epoch: 142.844787598
	training_seconds_this_epoch: 138.284637451
	valid_objective: 0.420948565006
	valid_y_misclass: 0.178250014782
Saving to best_model_20.pkl...
Saving to best_model_20.pkl done. Time elapsed: 6.984850 seconds
Time this epoch: 0:02:18.992245
Monitoring step:
	Epochs seen: 4
	Batches seen: 800
	Examples seen: 80000
	learning_rate: 1.00000024759e-05
	momentum: 0.599999666214
	total_seconds_last_epoch: 155.998535156
	training_seconds_this_epoch: 138.992294312
	valid_objective: 0.3898832798
	valid_y_misclass: 0.155750006437
Saving to best_model_20.pkl...
Saving to best_model_20.pkl done. Time elapsed: 4.815992 seconds
Time this epoch: 0:02:19.080577
Monitoring step:
	Epochs seen: 5
	Batches seen: 1000
	Examples seen: 100000
	learning_rate: 1.00000024759e-05
	momentum: 0.599999666214
	total_seconds_last_epoch: 159.312728882
	training_seconds_this_epoch: 139.080551147
	valid_objective: 0.372923374176
	valid_y_misclass: 0.173500031233
Time this epoch: 0:02:11.915222
Monitoring step:
	Epochs seen: 6
	Batches seen: 1200
	Examples seen: 120000
	learning_rate: 1.00000024759e-05
	momentum: 0.599999666214
	total_seconds_last_epoch: 154.635055542
	training_seconds_this_epoch: 131.915267944
	valid_objective: 0.326276183128
	valid_y_misclass: 0.130750000477
Saving to best_model_20.pkl...
Saving to best_model_20.pkl done. Time elapsed: 4.785115 seconds
Time this epoch: 0:02:24.598653
Monitoring step:
	Epochs seen: 7
	Batches seen: 1400
	Examples seen: 140000
	learning_rate: 1.00000024759e-05
	momentum: 0.599999666214
	total_seconds_last_epoch: 152.235733032
	training_seconds_this_epoch: 144.598648071
	valid_objective: 0.310817539692
	valid_y_misclass: 0.134499996901
Time this epoch: 0:02:18.938295
Monitoring step:
	Epochs seen: 8
	Batches seen: 1600
	Examples seen: 160000
	learning_rate: 1.00000024759e-05
	momentum: 0.599999666214
	total_seconds_last_epoch: 153.674560547
	training_seconds_this_epoch: 138.938262939
	valid_objective: 0.292048186064
	valid_y_misclass: 0.113250017166
Saving to best_model_20.pkl...
Saving to best_model_20.pkl done. Time elapsed: 7.584073 seconds
Time this epoch: 0:02:13.604408
Monitoring step:
	Epochs seen: 9
	Batches seen: 1800
	Examples seen: 180000
	learning_rate: 1.00000024759e-05
	momentum: 0.599999666214
	total_seconds_last_epoch: 162.087585449
	training_seconds_this_epoch: 133.604415894
	valid_objective: 0.256697207689
	valid_y_misclass: 0.0929999947548
Saving to best_model_20.pkl...
Saving to best_model_20.pkl done. Time elapsed: 5.138250 seconds
Time this epoch: 0:02:18.658471
Monitoring step:
	Epochs seen: 10
	Batches seen: 2000
	Examples seen: 200000
	learning_rate: 1.00000024759e-05
	momentum: 0.599999666214
	total_seconds_last_epoch: 154.248641968
	training_seconds_this_epoch: 138.658462524
	valid_objective: 0.330116808414
	valid_y_misclass: 0.150249987841
Time this epoch: 0:02:17.708462
Monitoring step:
	Epochs seen: 11
	Batches seen: 2200
	Examples seen: 220000
	learning_rate: 1.00000024759e-05
	momentum: 0.599999666214
	total_seconds_last_epoch: 154.15612793
	training_seconds_this_epoch: 137.708465576
	valid_objective: 0.251972675323
	valid_y_misclass: 0.0974999889731
Time this epoch: 0:02:24.199264
Monitoring step:
	Epochs seen: 12
	Batches seen: 2400
	Examples seen: 240000
	learning_rate: 1.00000024759e-05
	momentum: 0.599999666214
	total_seconds_last_epoch: 153.192733765
	training_seconds_this_epoch: 144.199234009
	valid_objective: 0.246698707342
	valid_y_misclass: 0.112750001252
Time this epoch: 0:02:19.821409
Monitoring step:
	Epochs seen: 13
	Batches seen: 2600
	Examples seen: 260000
	learning_rate: 1.00000024759e-05
	momentum: 0.599999666214
	total_seconds_last_epoch: 159.766891479
	training_seconds_this_epoch: 139.821426392
	valid_objective: 0.230871632695
	valid_y_misclass: 0.102499999106
Time this epoch: 0:02:24.983375
Monitoring step:
	Epochs seen: 14
	Batches seen: 2800
	Examples seen: 280000
	learning_rate: 1.00000024759e-05
	momentum: 0.599999666214
	total_seconds_last_epoch: 155.35559082
	training_seconds_this_epoch: 144.983444214
	valid_objective: 0.22812050581
	valid_y_misclass: 0.0869999825954
Saving to best_model_20.pkl...
Saving to best_model_20.pkl done. Time elapsed: 5.155832 seconds
Time this epoch: 0:02:16.628378
Monitoring step:
	Epochs seen: 15
	Batches seen: 3000
	Examples seen: 300000
	learning_rate: 1.00000024759e-05
	momentum: 0.599999666214
	total_seconds_last_epoch: 165.701889038
	training_seconds_this_epoch: 136.62840271
	valid_objective: 0.22166852653
	valid_y_misclass: 0.0987500026822
Time this epoch: 0:02:19.344819
Monitoring step:
	Epochs seen: 16
	Batches seen: 3200
	Examples seen: 320000
	learning_rate: 1.00000024759e-05
	momentum: 0.599999666214
	total_seconds_last_epoch: 152.017883301
	training_seconds_this_epoch: 139.344818115
	valid_objective: 0.22222289443
	valid_y_misclass: 0.0802499949932
Saving to best_model_20.pkl...
Saving to best_model_20.pkl done. Time elapsed: 5.877487 seconds
Time this epoch: 0:02:24.590875
Monitoring step:
	Epochs seen: 17
	Batches seen: 3400
	Examples seen: 340000
	learning_rate: 1.00000024759e-05
	momentum: 0.599999666214
	total_seconds_last_epoch: 160.69883728
	training_seconds_this_epoch: 144.59085083
	valid_objective: 0.218943655491
	valid_y_misclass: 0.0922499969602
Time this epoch: 0:02:25.109478
Monitoring step:
	Epochs seen: 18
	Batches seen: 3600
	Examples seen: 360000
	learning_rate: 1.00000024759e-05
	momentum: 0.599999666214
	total_seconds_last_epoch: 160.071426392
	training_seconds_this_epoch: 145.109512329
	valid_objective: 0.218079119921
	valid_y_misclass: 0.0884999930859
Time this epoch: 0:02:19.439709
Monitoring step:
	Epochs seen: 19
	Batches seen: 3800
	Examples seen: 380000
	learning_rate: 1.00000024759e-05
	momentum: 0.599999666214
	total_seconds_last_epoch: 160.621353149
	training_seconds_this_epoch: 139.439712524
	valid_objective: 0.216340273619
	valid_y_misclass: 0.106749974191
Time this epoch: 0:02:24.793101
Monitoring step:
	Epochs seen: 20
	Batches seen: 4000
	Examples seen: 400000
	learning_rate: 1.00000024759e-05
	momentum: 0.599999666214
	total_seconds_last_epoch: 155.013626099
	training_seconds_this_epoch: 144.793106079
	valid_objective: 0.215892031789
	valid_y_misclass: 0.112249985337
Time this epoch: 0:02:18.103761
Monitoring step:
	Epochs seen: 21
	Batches seen: 4200
	Examples seen: 420000
	learning_rate: 1.00000024759e-05
	momentum: 0.599999666214
	total_seconds_last_epoch: 156.975463867
	training_seconds_this_epoch: 138.103713989
	valid_objective: 0.219906523824
	valid_y_misclass: 0.113499984145
Time this epoch: 0:02:23.966036
Monitoring step:
	Epochs seen: 22
	Batches seen: 4400
	Examples seen: 440000
	learning_rate: 1.00000024759e-05
	momentum: 0.599999666214
	total_seconds_last_epoch: 153.600448608
	training_seconds_this_epoch: 143.966049194
	valid_objective: 0.221689984202
	valid_y_misclass: 0.101250015199
Time this epoch: 0:02:24.032322
Monitoring step:
	Epochs seen: 23
	Batches seen: 4600
	Examples seen: 460000
	learning_rate: 1.00000024759e-05
	momentum: 0.599999666214
	total_seconds_last_epoch: 159.525161743
	training_seconds_this_epoch: 144.032333374
	valid_objective: 0.203745037317
	valid_y_misclass: 0.0917500033975
Time this epoch: 0:02:19.036936
Monitoring step:
	Epochs seen: 24
	Batches seen: 4800
	Examples seen: 480000
	learning_rate: 1.00000024759e-05
	momentum: 0.599999666214
	total_seconds_last_epoch: 159.53314209
	training_seconds_this_epoch: 139.036895752
	valid_objective: 0.193210959435
	valid_y_misclass: 0.0807499885559
Time this epoch: 0:02:17.708341
Monitoring step:
	Epochs seen: 25
	Batches seen: 5000
	Examples seen: 500000
	learning_rate: 1.00000024759e-05
	momentum: 0.599999666214
	total_seconds_last_epoch: 153.821655273
	training_seconds_this_epoch: 137.708358765
	valid_objective: 0.221837371588
	valid_y_misclass: 0.103749997914
Time this epoch: 0:02:24.236694
Monitoring step:
	Epochs seen: 26
	Batches seen: 5200
	Examples seen: 520000
	learning_rate: 1.00000024759e-05
	momentum: 0.599999666214
	total_seconds_last_epoch: 153.223510742
	training_seconds_this_epoch: 144.236709595
	valid_objective: 0.226139709353
	valid_y_misclass: 0.111749991775
Time this epoch: 0:02:18.650765
Monitoring step:
	Epochs seen: 27
	Batches seen: 5400
	Examples seen: 540000
	learning_rate: 1.00000024759e-05
	momentum: 0.599999666214
	total_seconds_last_epoch: 159.777420044
	training_seconds_this_epoch: 138.650772095
	valid_objective: 0.220473632216
	valid_y_misclass: 0.113749995828
Time this epoch: 0:02:24.257324
Monitoring step:
	Epochs seen: 28
	Batches seen: 5600
	Examples seen: 560000
	learning_rate: 1.00000024759e-05
	momentum: 0.599999666214
	total_seconds_last_epoch: 153.45765686
	training_seconds_this_epoch: 144.257263184
	valid_objective: 0.232430130243
	valid_y_misclass: 0.11874999851
Time this epoch: 0:02:24.273267
Monitoring step:
	Epochs seen: 29
	Batches seen: 5800
	Examples seen: 580000
	learning_rate: 1.00000024759e-05
	momentum: 0.599999666214
	total_seconds_last_epoch: 159.560562134
	training_seconds_this_epoch: 144.273284912
	valid_objective: 0.195166021585
	valid_y_misclass: 0.0912500023842
Time this epoch: 0:02:17.165034
Monitoring step:
	Epochs seen: 30
	Batches seen: 6000
	Examples seen: 600000
	learning_rate: 1.00000024759e-05
	momentum: 0.599999666214
	total_seconds_last_epoch: 159.786621094
	training_seconds_this_epoch: 137.164993286
	valid_objective: 0.182497754693
	valid_y_misclass: 0.0867500081658
Time this epoch: 0:02:20.137774
Monitoring step:
	Epochs seen: 31
	Batches seen: 6200
	Examples seen: 620000
	learning_rate: 1.00000024759e-05
	momentum: 0.599999666214
	total_seconds_last_epoch: 152.663574219
	training_seconds_this_epoch: 140.13772583
	valid_objective: 0.258330464363
	valid_y_misclass: 0.135250002146
Time this epoch: 0:02:24.371923
Monitoring step:
	Epochs seen: 32
	Batches seen: 6400
	Examples seen: 640000
	learning_rate: 1.00000024759e-05
	momentum: 0.599999666214
	total_seconds_last_epoch: 154.859985352
	training_seconds_this_epoch: 144.371932983
	valid_objective: 0.188411831856
	valid_y_misclass: 0.0839999988675
Time this epoch: 0:02:24.225400
Monitoring step:
	Epochs seen: 33
	Batches seen: 6600
	Examples seen: 660000
	learning_rate: 1.00000024759e-05
	momentum: 0.599999666214
	total_seconds_last_epoch: 159.674057007
	training_seconds_this_epoch: 144.225448608
	valid_objective: 0.178642600775
	valid_y_misclass: 0.0854999944568
Time this epoch: 0:02:17.821146
Monitoring step:
	Epochs seen: 34
	Batches seen: 6800
	Examples seen: 680000
	learning_rate: 1.00000024759e-05
	momentum: 0.599999666214
	total_seconds_last_epoch: 159.765609741
	training_seconds_this_epoch: 137.821105957
	valid_objective: 0.194075644016
	valid_y_misclass: 0.10174998641
Time this epoch: 0:02:23.968670
Monitoring step:
	Epochs seen: 35
	Batches seen: 7000
	Examples seen: 700000
	learning_rate: 1.00000024759e-05
	momentum: 0.599999666214
	total_seconds_last_epoch: 153.337036133
	training_seconds_this_epoch: 143.968719482
	valid_objective: 0.202369317412
	valid_y_misclass: 0.0955000072718
Time this epoch: 0:02:24.081605
Monitoring step:
	Epochs seen: 36
	Batches seen: 7200
	Examples seen: 720000
	learning_rate: 1.00000024759e-05
	momentum: 0.599999666214
	total_seconds_last_epoch: 159.486312866
	training_seconds_this_epoch: 144.081634521
	valid_objective: 0.186154782772
	valid_y_misclass: 0.0834999829531
Time this epoch: 0:02:24.386197
Monitoring step:
	Epochs seen: 37
	Batches seen: 7400
	Examples seen: 740000
	learning_rate: 1.00000024759e-05
	momentum: 0.599999666214
	total_seconds_last_epoch: 159.550170898
	training_seconds_this_epoch: 144.386199951
	valid_objective: 0.188078939915
	valid_y_misclass: 0.0904999896884
Time this epoch: 0:02:24.184907
Monitoring step:
	Epochs seen: 38
	Batches seen: 7600
	Examples seen: 760000
	learning_rate: 1.00000024759e-05
	momentum: 0.599999666214
	total_seconds_last_epoch: 159.763168335
	training_seconds_this_epoch: 144.184921265
	valid_objective: 0.180124238133
	valid_y_misclass: 0.0897499918938
Time this epoch: 0:02:23.957200
Monitoring step:
	Epochs seen: 39
	Batches seen: 7800
	Examples seen: 780000
	learning_rate: 1.00000024759e-05
	momentum: 0.599999666214
	total_seconds_last_epoch: 159.710449219
	training_seconds_this_epoch: 143.957168579
	valid_objective: 0.189239963889
	valid_y_misclass: 0.0734999999404
Saving to best_model_20.pkl...
Saving to best_model_20.pkl done. Time elapsed: 6.528797 seconds
Time this epoch: 0:02:25.067876
Monitoring step:
	Epochs seen: 40
	Batches seen: 8000
	Examples seen: 800000
	learning_rate: 1.00000024759e-05
	momentum: 0.599999666214
	total_seconds_last_epoch: 166.028442383
	training_seconds_this_epoch: 145.067810059
	valid_objective: 0.170957654715
	valid_y_misclass: 0.086249999702
Time this epoch: 0:02:25.075151
Monitoring step:
	Epochs seen: 41
	Batches seen: 8200
	Examples seen: 820000
	learning_rate: 1.00000024759e-05
	momentum: 0.599999666214
	total_seconds_last_epoch: 160.575942993
	training_seconds_this_epoch: 145.075088501
	valid_objective: 0.196162670851
	valid_y_misclass: 0.0832499787211
Time this epoch: 0:02:25.008269
Monitoring step:
	Epochs seen: 42
	Batches seen: 8400
	Examples seen: 840000
	learning_rate: 1.00000024759e-05
	momentum: 0.599999666214
	total_seconds_last_epoch: 160.623840332
	training_seconds_this_epoch: 145.008285522
	valid_objective: 0.177447885275
	valid_y_misclass: 0.0862499922514
Time this epoch: 0:02:25.379160
Monitoring step:
	Epochs seen: 43
	Batches seen: 8600
	Examples seen: 860000
	learning_rate: 1.00000024759e-05
	momentum: 0.599999666214
	total_seconds_last_epoch: 160.565811157
	training_seconds_this_epoch: 145.379089355
	valid_objective: 0.195580631495
	valid_y_misclass: 0.100499987602
Time this epoch: 0:02:25.344386
Monitoring step:
	Epochs seen: 44
	Batches seen: 8800
	Examples seen: 880000
	learning_rate: 1.00000024759e-05
	momentum: 0.599999666214
	total_seconds_last_epoch: 160.67791748
	training_seconds_this_epoch: 145.344314575
	valid_objective: 0.208950191736
	valid_y_misclass: 0.0962499976158
Time this epoch: 0:02:24.961741
Monitoring step:
	Epochs seen: 45
	Batches seen: 9000
	Examples seen: 900000
	learning_rate: 1.00000024759e-05
	momentum: 0.599999666214
	total_seconds_last_epoch: 160.851821899
	training_seconds_this_epoch: 144.961761475
	valid_objective: 0.182906806469
	valid_y_misclass: 0.0937499925494
Time this epoch: 0:02:13.321419
Monitoring step:
	Epochs seen: 46
	Batches seen: 9200
	Examples seen: 920000
	learning_rate: 1.00000024759e-05
	momentum: 0.599999666214
	total_seconds_last_epoch: 160.528579712
	training_seconds_this_epoch: 133.321472168
	valid_objective: 0.212613597512
	valid_y_misclass: 0.108749993145
Time this epoch: 0:02:24.072152
Monitoring step:
	Epochs seen: 47
	Batches seen: 9400
	Examples seen: 940000
	learning_rate: 1.00000024759e-05
	momentum: 0.599999666214
	total_seconds_last_epoch: 148.868423462
	training_seconds_this_epoch: 144.07220459
	valid_objective: 0.177361160517
	valid_y_misclass: 0.082000002265
Time this epoch: 0:02:24.276477
Monitoring step:
	Epochs seen: 48
	Batches seen: 9600
	Examples seen: 960000
	learning_rate: 1.00000024759e-05
	momentum: 0.599999666214
	total_seconds_last_epoch: 159.59588623
	training_seconds_this_epoch: 144.276473999
	valid_objective: 0.204988628626
	valid_y_misclass: 0.0982500016689
Time this epoch: 0:02:24.177445
Monitoring step:
	Epochs seen: 49
	Batches seen: 9800
	Examples seen: 980000
	learning_rate: 1.00000024759e-05
	momentum: 0.599999666214
	total_seconds_last_epoch: 159.697631836
	training_seconds_this_epoch: 144.177459717
	valid_objective: 0.182986661792
	valid_y_misclass: 0.0782499983907
Time this epoch: 0:02:23.993676
Monitoring step:
	Epochs seen: 50
	Batches seen: 10000
	Examples seen: 1000000
	learning_rate: 1.00000024759e-05
	momentum: 0.599999666214
	total_seconds_last_epoch: 159.76399231
	training_seconds_this_epoch: 143.993606567
	valid_objective: 0.194177076221
	valid_y_misclass: 0.0649999901652
Saving to best_model_20.pkl...
Saving to best_model_20.pkl done. Time elapsed: 5.595716 seconds
Time this epoch: 0:02:23.975153
Monitoring step:
	Epochs seen: 51
	Batches seen: 10200
	Examples seen: 1020000
	learning_rate: 1.00000024759e-05
	momentum: 0.599999666214
	total_seconds_last_epoch: 165.114151001
	training_seconds_this_epoch: 143.975204468
	valid_objective: 0.193151637912
	valid_y_misclass: 0.0869999974966
Time this epoch: 0:02:24.069729
Monitoring step:
	Epochs seen: 52
	Batches seen: 10400
	Examples seen: 1040000
	learning_rate: 1.00000024759e-05
	momentum: 0.599999666214
	total_seconds_last_epoch: 159.491775513
	training_seconds_this_epoch: 144.069763184
	valid_objective: 0.182785972953
	valid_y_misclass: 0.0647499933839
Saving to best_model_20.pkl...
Saving to best_model_20.pkl done. Time elapsed: 5.019253 seconds
Time this epoch: 0:02:25.094495
Monitoring step:
	Epochs seen: 53
	Batches seen: 10600
	Examples seen: 1060000
	learning_rate: 1.00000024759e-05
	momentum: 0.599999666214
	total_seconds_last_epoch: 164.632339478
	training_seconds_this_epoch: 145.094543457
	valid_objective: 0.214622497559
	valid_y_misclass: 0.104500003159
Time this epoch: 0:02:25.169883
Monitoring step:
	Epochs seen: 54
	Batches seen: 10800
	Examples seen: 1080000
	learning_rate: 1.00000024759e-05
	momentum: 0.599999666214
	total_seconds_last_epoch: 160.653625488
	training_seconds_this_epoch: 145.169891357
	valid_objective: 0.187381252646
	valid_y_misclass: 0.0882499814034
Time this epoch: 0:02:21.114417
Monitoring step:
	Epochs seen: 55
	Batches seen: 11000
	Examples seen: 1100000
	learning_rate: 1.00000024759e-05
	momentum: 0.599999666214
	total_seconds_last_epoch: 158.96156311
	training_seconds_this_epoch: 141.114440918
	valid_objective: 0.190893948078
	valid_y_misclass: 0.0819999873638
Time this epoch: 0:02:24.910223
Monitoring step:
	Epochs seen: 56
	Batches seen: 11200
	Examples seen: 1120000
	learning_rate: 1.00000024759e-05
	momentum: 0.599999666214
	total_seconds_last_epoch: 156.634277344
	training_seconds_this_epoch: 144.910263062
	valid_objective: 0.236793398857
	valid_y_misclass: 0.0914999842644
Time this epoch: 0:02:24.324081
Monitoring step:
	Epochs seen: 57
	Batches seen: 11400
	Examples seen: 1140000
	learning_rate: 1.00000024759e-05
	momentum: 0.599999666214
	total_seconds_last_epoch: 160.43132019
	training_seconds_this_epoch: 144.324081421
	valid_objective: 0.195602998137
	valid_y_misclass: 0.0872499868274
Time this epoch: 0:02:23.438490
Monitoring step:
	Epochs seen: 58
	Batches seen: 11600
	Examples seen: 1160000
	learning_rate: 1.00000024759e-05
	momentum: 0.599999666214
	total_seconds_last_epoch: 159.841293335
	training_seconds_this_epoch: 143.438461304
	valid_objective: 0.170073762536
	valid_y_misclass: 0.0654999911785
Time this epoch: 0:01:10.001972
Monitoring step:
	Epochs seen: 59
	Batches seen: 11800
	Examples seen: 1180000
	learning_rate: 1.00000024759e-05
	momentum: 0.599999666214
	total_seconds_last_epoch: 151.486190796
	training_seconds_this_epoch: 70.0019683838
	valid_objective: 0.171976685524
	valid_y_misclass: 0.0647499933839
Time this epoch: 0:01:09.983246
Monitoring step:
	Epochs seen: 60
	Batches seen: 12000
	Examples seen: 1200000
	learning_rate: 1.00000024759e-05
	momentum: 0.599999666214
	total_seconds_last_epoch: 78.0577392578
	training_seconds_this_epoch: 69.9832229614
	valid_objective: 0.194850608706
	valid_y_misclass: 0.0762499943376
Time this epoch: 0:01:09.988171
Monitoring step:
	Epochs seen: 61
	Batches seen: 12200
	Examples seen: 1220000
	learning_rate: 1.00000024759e-05
	momentum: 0.599999666214
	total_seconds_last_epoch: 78.0390625
	training_seconds_this_epoch: 69.9881362915
	valid_objective: 0.223938822746
	valid_y_misclass: 0.0994999930263
Time this epoch: 0:01:10.037855
Monitoring step:
	Epochs seen: 62
	Batches seen: 12400
	Examples seen: 1240000
	learning_rate: 1.00000024759e-05
	momentum: 0.599999666214
	total_seconds_last_epoch: 78.0545120239
	training_seconds_this_epoch: 70.0378494263
	valid_objective: 0.175749197602
	valid_y_misclass: 0.0689999833703
Time this epoch: 0:01:10.008691
Monitoring step:
	Epochs seen: 63
	Batches seen: 12600
	Examples seen: 1260000
	learning_rate: 1.00000024759e-05
	momentum: 0.599999666214
	total_seconds_last_epoch: 78.0990905762
	training_seconds_this_epoch: 70.008682251
	valid_objective: 0.192412868142
	valid_y_misclass: 0.063499994576
Saving to best_model_20.pkl...
Saving to best_model_20.pkl done. Time elapsed: 6.201859 seconds
Time this epoch: 0:01:09.088328
Monitoring step:
	Epochs seen: 64
	Batches seen: 12800
	Examples seen: 1280000
	learning_rate: 1.00000024759e-05
	momentum: 0.599999666214
	total_seconds_last_epoch: 84.2672653198
	training_seconds_this_epoch: 69.0883102417
	valid_objective: 0.182086646557
	valid_y_misclass: 0.0802499949932
Time this epoch: 0:01:10.162446
Monitoring step:
	Epochs seen: 65
	Batches seen: 13000
	Examples seen: 1300000
	learning_rate: 1.00000024759e-05
	momentum: 0.599999666214
	total_seconds_last_epoch: 77.1516113281
	training_seconds_this_epoch: 70.1624603271
	valid_objective: 0.193584486842
	valid_y_misclass: 0.0779999941587
Time this epoch: 0:01:10.157110
Monitoring step:
	Epochs seen: 66
	Batches seen: 13200
	Examples seen: 1320000
	learning_rate: 1.00000024759e-05
	momentum: 0.599999666214
	total_seconds_last_epoch: 78.2192001343
	training_seconds_this_epoch: 70.1571350098
	valid_objective: 0.202354058623
	valid_y_misclass: 0.0812499970198
Time this epoch: 0:01:10.145239
Monitoring step:
	Epochs seen: 67
	Batches seen: 13400
	Examples seen: 1340000
	learning_rate: 1.00000024759e-05
	momentum: 0.599999666214
	total_seconds_last_epoch: 78.2139968872
	training_seconds_this_epoch: 70.1452560425
	valid_objective: 0.182289868593
	valid_y_misclass: 0.0689999833703
Time this epoch: 0:01:10.133202
Monitoring step:
	Epochs seen: 68
	Batches seen: 13600
	Examples seen: 1360000
	learning_rate: 1.00000024759e-05
	momentum: 0.599999666214
	total_seconds_last_epoch: 78.212272644
	training_seconds_this_epoch: 70.1331939697
	valid_objective: 0.193350538611
	valid_y_misclass: 0.0774999931455
Time this epoch: 0:01:10.138916
Monitoring step:
	Epochs seen: 69
	Batches seen: 13800
	Examples seen: 1380000
	learning_rate: 1.00000024759e-05
	momentum: 0.599999666214
	total_seconds_last_epoch: 78.2037277222
	training_seconds_this_epoch: 70.1388931274
	valid_objective: 0.196507319808
	valid_y_misclass: 0.0797500014305
Time this epoch: 0:01:10.140447
Monitoring step:
	Epochs seen: 70
	Batches seen: 14000
	Examples seen: 1400000
	learning_rate: 1.00000024759e-05
	momentum: 0.599999666214
	total_seconds_last_epoch: 78.203742981
	training_seconds_this_epoch: 70.1404190063
	valid_objective: 0.182652533054
	valid_y_misclass: 0.0634999871254
Saving to best_model_20.pkl...
Saving to best_model_20.pkl done. Time elapsed: 5.214152 seconds
Time this epoch: 0:01:09.143512
Monitoring step:
	Epochs seen: 71
	Batches seen: 14200
	Examples seen: 1420000
	learning_rate: 1.00000024759e-05
	momentum: 0.599999666214
	total_seconds_last_epoch: 83.411895752
	training_seconds_this_epoch: 69.1435089111
	valid_objective: 0.205329760909
	valid_y_misclass: 0.0677499845624
Time this epoch: 0:01:10.075907
Monitoring step:
	Epochs seen: 72
	Batches seen: 14400
	Examples seen: 1440000
	learning_rate: 1.00000024759e-05
	momentum: 0.599999666214
	total_seconds_last_epoch: 77.2166137695
	training_seconds_this_epoch: 70.075881958
	valid_objective: 0.18314987421
	valid_y_misclass: 0.0589999891818
Saving to best_model_20.pkl...
Saving to best_model_20.pkl done. Time elapsed: 5.411515 seconds
Time this epoch: 0:01:09.170333
Monitoring step:
	Epochs seen: 73
	Batches seen: 14600
	Examples seen: 1460000
	learning_rate: 1.00000024759e-05
	momentum: 0.599999666214
	total_seconds_last_epoch: 83.5440979004
	training_seconds_this_epoch: 69.1703414917
	valid_objective: 0.202537417412
	valid_y_misclass: 0.0949999839067
Time this epoch: 0:01:10.160199
Monitoring step:
	Epochs seen: 74
	Batches seen: 14800
	Examples seen: 1480000
	learning_rate: 1.00000024759e-05
	momentum: 0.599999666214
	total_seconds_last_epoch: 77.2284011841
	training_seconds_this_epoch: 70.1602096558
	valid_objective: 0.201012313366
	valid_y_misclass: 0.0819999948144
Time this epoch: 0:01:10.152540
Monitoring step:
	Epochs seen: 75
	Batches seen: 15000
	Examples seen: 1500000
	learning_rate: 1.00000024759e-05
	momentum: 0.599999666214
	total_seconds_last_epoch: 78.2223815918
	training_seconds_this_epoch: 70.152557373
	valid_objective: 0.172366321087
	valid_y_misclass: 0.0652499869466
Time this epoch: 0:01:10.150543
Monitoring step:
	Epochs seen: 76
	Batches seen: 15200
	Examples seen: 1520000
	learning_rate: 1.00000024759e-05
	momentum: 0.599999666214
	total_seconds_last_epoch: 78.2301864624
	training_seconds_this_epoch: 70.1505584717
	valid_objective: 0.187625095248
	valid_y_misclass: 0.0692499950528
Time this epoch: 0:01:10.177832
Monitoring step:
	Epochs seen: 77
	Batches seen: 15400
	Examples seen: 1540000
	learning_rate: 1.00000024759e-05
	momentum: 0.599999666214
	total_seconds_last_epoch: 78.213470459
	training_seconds_this_epoch: 70.1778106689
	valid_objective: 0.184420183301
	valid_y_misclass: 0.0782499834895
Time this epoch: 0:01:10.185984
Monitoring step:
	Epochs seen: 78
	Batches seen: 15600
	Examples seen: 1560000
	learning_rate: 1.00000024759e-05
	momentum: 0.599999666214
	total_seconds_last_epoch: 78.2370986938
	training_seconds_this_epoch: 70.1859817505
	valid_objective: 0.177404895425
	valid_y_misclass: 0.0669999942183
Time this epoch: 0:01:10.182924
Monitoring step:
	Epochs seen: 79
	Batches seen: 15800
	Examples seen: 1580000
	learning_rate: 1.00000024759e-05
	momentum: 0.599999666214
	total_seconds_last_epoch: 78.2589492798
	training_seconds_this_epoch: 70.1829299927
	valid_objective: 0.17464068532
	valid_y_misclass: 0.0637499913573
Time this epoch: 0:01:10.177163
Monitoring step:
	Epochs seen: 80
	Batches seen: 16000
	Examples seen: 1600000
	learning_rate: 1.00000024759e-05
	momentum: 0.599999666214
	total_seconds_last_epoch: 78.2462692261
	training_seconds_this_epoch: 70.1771697998
	valid_objective: 0.264754235744
	valid_y_misclass: 0.109249986708
Time this epoch: 0:01:10.191103
Monitoring step:
	Epochs seen: 81
	Batches seen: 16200
	Examples seen: 1620000
	learning_rate: 1.00000024759e-05
	momentum: 0.599999666214
	total_seconds_last_epoch: 78.24584198
	training_seconds_this_epoch: 70.191078186
	valid_objective: 0.174065113068
	valid_y_misclass: 0.0604999959469
Time this epoch: 0:01:10.191596
Monitoring step:
	Epochs seen: 82
	Batches seen: 16400
	Examples seen: 1640000
	learning_rate: 1.00000024759e-05
	momentum: 0.599999666214
	total_seconds_last_epoch: 78.2652816772
	training_seconds_this_epoch: 70.191619873
	valid_objective: 0.181207254529
	valid_y_misclass: 0.0632499977946
Time this epoch: 0:01:10.217970
Monitoring step:
	Epochs seen: 83
	Batches seen: 16600
	Examples seen: 1660000
	learning_rate: 1.00000024759e-05
	momentum: 0.599999666214
	total_seconds_last_epoch: 78.2569580078
	training_seconds_this_epoch: 70.2179336548
	valid_objective: 0.222380593419
	valid_y_misclass: 0.0884999930859
Time this epoch: 0:01:10.226458
Monitoring step:
	Epochs seen: 84
	Batches seen: 16800
	Examples seen: 1680000
	learning_rate: 1.00000024759e-05
	momentum: 0.599999666214
	total_seconds_last_epoch: 78.278717041
	training_seconds_this_epoch: 70.2264480591
	valid_objective: 0.189464956522
	valid_y_misclass: 0.0617499910295
Time this epoch: 0:01:10.228653
Monitoring step:
	Epochs seen: 85
	Batches seen: 17000
	Examples seen: 1700000
	learning_rate: 1.00000024759e-05
	momentum: 0.599999666214
	total_seconds_last_epoch: 78.2878646851
	training_seconds_this_epoch: 70.2286148071
	valid_objective: 0.240866228938
	valid_y_misclass: 0.0929999947548
Time this epoch: 0:01:10.204657
Monitoring step:
	Epochs seen: 86
	Batches seen: 17200
	Examples seen: 1720000
	learning_rate: 1.00000024759e-05
	momentum: 0.599999666214
	total_seconds_last_epoch: 78.2907028198
	training_seconds_this_epoch: 70.2046432495
	valid_objective: 0.188452810049
	valid_y_misclass: 0.066749997437
Time this epoch: 0:01:10.196106
Monitoring step:
	Epochs seen: 87
	Batches seen: 17400
	Examples seen: 1740000
	learning_rate: 1.00000024759e-05
	momentum: 0.599999666214
	total_seconds_last_epoch: 78.2712936401
	training_seconds_this_epoch: 70.1960983276
	valid_objective: 0.181961685419
	valid_y_misclass: 0.0607499964535
Time this epoch: 0:01:10.169413
Monitoring step:
	Epochs seen: 88
	Batches seen: 17600
	Examples seen: 1760000
	learning_rate: 1.00000024759e-05
	momentum: 0.599999666214
	total_seconds_last_epoch: 78.2672195435
	training_seconds_this_epoch: 70.1693878174
	valid_objective: 0.205846145749
	valid_y_misclass: 0.0739999860525
Time this epoch: 0:01:10.145072
Monitoring step:
	Epochs seen: 89
	Batches seen: 17800
	Examples seen: 1780000
	learning_rate: 1.00000024759e-05
	momentum: 0.599999666214
	total_seconds_last_epoch: 78.2358703613
	training_seconds_this_epoch: 70.1450881958
	valid_objective: 0.178190216422
	valid_y_misclass: 0.0529999919236
Saving to best_model_20.pkl...
Saving to best_model_20.pkl done. Time elapsed: 4.903015 seconds
Time this epoch: 0:01:09.216823
Monitoring step:
	Epochs seen: 90
	Batches seen: 18000
	Examples seen: 1800000
	learning_rate: 1.00000024759e-05
	momentum: 0.599999666214
	total_seconds_last_epoch: 83.1214523315
	training_seconds_this_epoch: 69.2168045044
	valid_objective: 0.17654274404
	valid_y_misclass: 0.0542499944568
Time this epoch: 0:01:10.170120
Monitoring step:
	Epochs seen: 91
	Batches seen: 18200
	Examples seen: 1820000
	learning_rate: 1.00000024759e-05
	momentum: 0.599999666214
	total_seconds_last_epoch: 77.2802429199
	training_seconds_this_epoch: 70.1701202393
	valid_objective: 0.161569774151
	valid_y_misclass: 0.0622499883175
Time this epoch: 0:01:10.174281
Monitoring step:
	Epochs seen: 92
	Batches seen: 18400
	Examples seen: 1840000
	learning_rate: 1.00000024759e-05
	momentum: 0.599999666214
	total_seconds_last_epoch: 78.2435913086
	training_seconds_this_epoch: 70.1742630005
	valid_objective: 0.177872270346
	valid_y_misclass: 0.0622499883175
Time this epoch: 0:01:10.194399
Monitoring step:
	Epochs seen: 93
	Batches seen: 18600
	Examples seen: 1860000
	learning_rate: 1.00000024759e-05
	momentum: 0.599999666214
	total_seconds_last_epoch: 78.2449035645
	training_seconds_this_epoch: 70.1943969727
	valid_objective: 0.204329058528
	valid_y_misclass: 0.0764999911189
Time this epoch: 0:01:10.193519
Monitoring step:
	Epochs seen: 94
	Batches seen: 18800
	Examples seen: 1880000
	learning_rate: 1.00000024759e-05
	momentum: 0.599999666214
	total_seconds_last_epoch: 78.2549743652
	training_seconds_this_epoch: 70.1934967041
	valid_objective: 0.207230478525
	valid_y_misclass: 0.0807499811053
Time this epoch: 0:01:10.210107
Monitoring step:
	Epochs seen: 95
	Batches seen: 19000
	Examples seen: 1900000
	learning_rate: 1.00000024759e-05
	momentum: 0.599999666214
	total_seconds_last_epoch: 78.2593994141
	training_seconds_this_epoch: 70.2100982666
	valid_objective: 0.226971909404
	valid_y_misclass: 0.0807499885559
Time this epoch: 0:01:10.217528
Monitoring step:
	Epochs seen: 96
	Batches seen: 19200
	Examples seen: 1920000
	learning_rate: 1.00000024759e-05
	momentum: 0.599999666214
	total_seconds_last_epoch: 78.2735214233
	training_seconds_this_epoch: 70.2175521851
	valid_objective: 0.192936837673
	valid_y_misclass: 0.0627499893308
Time this epoch: 0:01:10.206937
Monitoring step:
	Epochs seen: 97
	Batches seen: 19400
	Examples seen: 1940000
	learning_rate: 1.00000024759e-05
	momentum: 0.599999666214
	total_seconds_last_epoch: 78.2877731323
	training_seconds_this_epoch: 70.2069168091
	valid_objective: 0.18170799315
	valid_y_misclass: 0.0529999956489
Time this epoch: 0:01:10.206695
Monitoring step:
	Epochs seen: 98
	Batches seen: 19600
	Examples seen: 1960000
	learning_rate: 1.00000024759e-05
	momentum: 0.599999666214
	total_seconds_last_epoch: 78.2854003906
	training_seconds_this_epoch: 70.2067108154
	valid_objective: 0.178704112768
	valid_y_misclass: 0.0559999980032
Time this epoch: 0:01:10.231164
Monitoring step:
	Epochs seen: 99
	Batches seen: 19800
	Examples seen: 1980000
	learning_rate: 1.00000024759e-05
	momentum: 0.599999666214
	total_seconds_last_epoch: 78.2760314941
	training_seconds_this_epoch: 70.2311553955
	valid_objective: 0.179413244128
	valid_y_misclass: 0.0497499890625
Saving to best_model_20.pkl...
Saving to best_model_20.pkl done. Time elapsed: 5.059441 seconds
Time this epoch: 0:01:09.294463
Monitoring step:
	Epochs seen: 100
	Batches seen: 20000
	Examples seen: 2000000
	learning_rate: 1.00000024759e-05
	momentum: 0.599999666214
	total_seconds_last_epoch: 83.357208252
	training_seconds_this_epoch: 69.2944412231
	valid_objective: 0.217212438583
	valid_y_misclass: 0.0622499920428
Time this epoch: 0:01:10.248273
Monitoring step:
	Epochs seen: 101
	Batches seen: 20200
	Examples seen: 2020000
	learning_rate: 1.00000024759e-05
	momentum: 0.599999666214
	total_seconds_last_epoch: 77.3579711914
	training_seconds_this_epoch: 70.2482757568
	valid_objective: 0.198102772236
	valid_y_misclass: 0.0689999908209
