Input shape: (96, 96)
Detector space: (92, 92)
Output space: (46, 46)
Input shape: (46, 46)
Detector space: (42, 42)
Output space: (21, 21)
Input shape: (21, 21)
Detector space: (17, 17)
Output space: (9, 9)
Loading data took 135.152 ms
Loading data took 134.511 ms
Parameter and initial learning rate summary:
	h2_W: 3.00000010611e-06
	h2_b: 3.00000010611e-06
	h3_W: 3.00000010611e-06
	h3_b: 3.00000010611e-06
	h4_W: 3.00000010611e-06
	h4_b: 3.00000010611e-06
	softmax_b: 3.00000010611e-06
	softmax_W: 3.00000010611e-06
Compiling sgd_update...
Compiling sgd_update done. Time elapsed: 4.019427 seconds
Time this epoch: 0:01:56.259358
compiling begin_record_entry...
compiling begin_record_entry done. Time elapsed: 0.037366 seconds
Monitored channels: 
	learning_rate
	momentum
	total_seconds_last_epoch
	training_seconds_this_epoch
	valid_objective
	valid_term_0
	valid_term_1_weight_decay
	valid_y_misclass
Compiling accum...
graph size: 192
Compiling accum done. Time elapsed: 1.280214 seconds
Monitoring step:
	Epochs seen: 1
	Batches seen: 200
	Examples seen: 20000
	learning_rate: 3.00000147035e-06
	momentum: 0.449999839067
	total_seconds_last_epoch: 0.0
	training_seconds_this_epoch: 116.259391785
	valid_objective: 6.81016302109
	valid_term_0: 6.80659770966
	valid_term_1_weight_decay: 0.00356538966298
	valid_y_misclass: 0.242250010371
