INFO (theano.gof.compilelock): Waiting for existing lock by process '21860' (I am process '21861')
INFO (theano.gof.compilelock): To manually release the lock, delete /afs/cs.wisc.edu/u/s/i/sidharth/.theano/compiledir_Linux-3.10-el7.x86_64-x86_64-with-redhat-7.1-Maipo-x86_64-2.7.5-64/lock_dir
Using gpu device 0: GeForce GTX TITAN X
Gtk-Message: Failed to load module "canberra-gtk-module"
/afs/cs.wisc.edu/u/s/i/sidharth/private/pylearn2/pylearn2/model_extensions/norm_constraint.py:97: UserWarning: MaxL2FilterNorm is deprecated and may be removed on or after 2016-01-31. Use ConstrainFilterL2Norm.
  warnings.warn("MaxL2FilterNorm is deprecated and may be removed on or"
Loading data took 198.064 ms
Loading data took 171.964 ms
Parameter and initial learning rate summary:
	h1_W: 9.60000033956e-05
	h1_b: 9.60000033956e-05
	h2_W: 9.60000033956e-05
	h2_b: 9.60000033956e-05
	softmax_b: 9.60000033956e-05
	softmax_W: 9.60000033956e-05
Compiling sgd_update...
Compiling sgd_update done. Time elapsed: 1.190077 seconds
Time this epoch: 2.581360 seconds
compiling begin_record_entry...
compiling begin_record_entry done. Time elapsed: 0.037852 seconds
Monitored channels: 
	learning_rate
	momentum
	total_seconds_last_epoch
	training_seconds_this_epoch
	valid_objective
	valid_y_misclass
Compiling accum...
graph size: 51
Compiling accum done. Time elapsed: 0.271494 seconds
Monitoring step:
	Epochs seen: 1
	Batches seen: 100
	Examples seen: 10000
	learning_rate: 9.60002653301e-05
	momentum: 0.499997854233
	total_seconds_last_epoch: 0.0
	training_seconds_this_epoch: 2.58135175705
	valid_objective: 0.693112313747
	valid_y_misclass: 0.48382884264
Time this epoch: 2.992734 seconds
Monitoring step:
	Epochs seen: 2
	Batches seen: 200
	Examples seen: 20000
	learning_rate: 9.60002653301e-05
	momentum: 0.499997854233
	total_seconds_last_epoch: 17.1027431488
	training_seconds_this_epoch: 2.99271726608
	valid_objective: 0.692848742008
	valid_y_misclass: 0.485092431307
Time this epoch: 1.877340 seconds
Monitoring step:
	Epochs seen: 3
	Batches seen: 300
	Examples seen: 30000
	learning_rate: 9.60002653301e-05
	momentum: 0.499997854233
	total_seconds_last_epoch: 15.584485054
	training_seconds_this_epoch: 1.87732577324
	valid_objective: 0.692353308201
	valid_y_misclass: 0.481947481632
Time this epoch: 1.947277 seconds
Monitoring step:
	Epochs seen: 4
	Batches seen: 400
	Examples seen: 40000
	learning_rate: 9.60002653301e-05
	momentum: 0.499997854233
	total_seconds_last_epoch: 13.8578720093
	training_seconds_this_epoch: 1.94726443291
	valid_objective: 0.691900491714
	valid_y_misclass: 0.479144990444
Time this epoch: 2.030029 seconds
Monitoring step:
	Epochs seen: 5
	Batches seen: 500
	Examples seen: 50000
	learning_rate: 9.60002653301e-05
	momentum: 0.499997854233
	total_seconds_last_epoch: 14.6046056747
	training_seconds_this_epoch: 2.03003501892
	valid_objective: 0.691534042358
	valid_y_misclass: 0.47684264183
Time this epoch: 2.030825 seconds
Monitoring step:
	Epochs seen: 6
	Batches seen: 600
	Examples seen: 60000
	learning_rate: 9.60002653301e-05
	momentum: 0.499997854233
	total_seconds_last_epoch: 14.6924533844
	training_seconds_this_epoch: 2.03084635735
	valid_objective: 0.69123339653
	valid_y_misclass: 0.475552946329
Time this epoch: 2.006167 seconds
Monitoring step:
	Epochs seen: 7
	Batches seen: 700
	Examples seen: 70000
	learning_rate: 9.60002653301e-05
	momentum: 0.499997854233
	total_seconds_last_epoch: 14.6770877838
	training_seconds_this_epoch: 2.00615358353
	valid_objective: 0.690981149673
	valid_y_misclass: 0.474631816149
Time this epoch: 1.976328 seconds
Monitoring step:
	Epochs seen: 8
	Batches seen: 800
	Examples seen: 80000
	learning_rate: 9.60002653301e-05
	momentum: 0.499997854233
	total_seconds_last_epoch: 15.0676717758
	training_seconds_this_epoch: 1.97632801533
	valid_objective: 0.69076269865
	valid_y_misclass: 0.473487555981
Time this epoch: 2.329597 seconds
Monitoring step:
	Epochs seen: 9
	Batches seen: 900
	Examples seen: 90000
	learning_rate: 9.60002653301e-05
	momentum: 0.499997854233
	total_seconds_last_epoch: 14.6862850189
	training_seconds_this_epoch: 2.32960104942
	valid_objective: 0.690569937229
	valid_y_misclass: 0.472697675228
Time this epoch: 2.648285 seconds
Monitoring step:
	Epochs seen: 10
	Batches seen: 1000
	Examples seen: 100000
	learning_rate: 9.60002653301e-05
	momentum: 0.499997854233
	total_seconds_last_epoch: 18.165599823
	training_seconds_this_epoch: 2.64827537537
	valid_objective: 0.690394818783
	valid_y_misclass: 0.471500337124
Time this epoch: 2.662461 seconds
Monitoring step:
	Epochs seen: 11
	Batches seen: 1100
	Examples seen: 110000
	learning_rate: 9.60002653301e-05
	momentum: 0.499997854233
	total_seconds_last_epoch: 18.9966602325
	training_seconds_this_epoch: 2.66247010231
	valid_objective: 0.690232694149
	valid_y_misclass: 0.470434546471
Time this epoch: 2.729883 seconds
Monitoring step:
	Epochs seen: 12
	Batches seen: 1200
	Examples seen: 120000
	learning_rate: 9.60002653301e-05
	momentum: 0.499997854233
	total_seconds_last_epoch: 18.9416103363
	training_seconds_this_epoch: 2.7298810482
	valid_objective: 0.690078675747
	valid_y_misclass: 0.469539612532
Time this epoch: 2.845670 seconds
Monitoring step:
	Epochs seen: 13
	Batches seen: 1300
	Examples seen: 130000
	learning_rate: 9.60002653301e-05
	momentum: 0.499997854233
	total_seconds_last_epoch: 18.8402576447
	training_seconds_this_epoch: 2.84566855431
	valid_objective: 0.689931750298
	valid_y_misclass: 0.469368636608
Time this epoch: 2.178345 seconds
Monitoring step:
	Epochs seen: 14
	Batches seen: 1400
	Examples seen: 140000
	learning_rate: 9.60002653301e-05
	momentum: 0.499997854233
	total_seconds_last_epoch: 18.3077430725
	training_seconds_this_epoch: 2.17835879326
	valid_objective: 0.689789354801
	valid_y_misclass: 0.468802899122
Time this epoch: 2.171244 seconds
Monitoring step:
	Epochs seen: 15
	Batches seen: 1500
	Examples seen: 150000
	learning_rate: 9.60002653301e-05
	momentum: 0.499997854233
	total_seconds_last_epoch: 15.0091505051
	training_seconds_this_epoch: 2.1712334156
	valid_objective: 0.689651787281
	valid_y_misclass: 0.468592375517
Time this epoch: 2.144090 seconds
Monitoring step:
	Epochs seen: 16
	Batches seen: 1600
	Examples seen: 160000
	learning_rate: 9.60002653301e-05
	momentum: 0.499997854233
	total_seconds_last_epoch: 15.3049068451
	training_seconds_this_epoch: 2.14410114288
	valid_objective: 0.689516782761
	valid_y_misclass: 0.467631816864
Time this epoch: 2.188458 seconds
Monitoring step:
	Epochs seen: 17
	Batches seen: 1700
	Examples seen: 170000
	learning_rate: 9.60002653301e-05
	momentum: 0.499997854233
	total_seconds_last_epoch: 14.9552221298
	training_seconds_this_epoch: 2.18844771385
	valid_objective: 0.689383745193
	valid_y_misclass: 0.467223852873
Time this epoch: 2.118985 seconds
Monitoring step:
	Epochs seen: 18
	Batches seen: 1800
	Examples seen: 180000
	learning_rate: 9.60002653301e-05
	momentum: 0.499997854233
	total_seconds_last_epoch: 15.3619403839
	training_seconds_this_epoch: 2.11899614334
	valid_objective: 0.689253330231
	valid_y_misclass: 0.466618567705
Time this epoch: 2.130508 seconds
Monitoring step:
	Epochs seen: 19
	Batches seen: 1900
	Examples seen: 190000
	learning_rate: 9.60002653301e-05
	momentum: 0.499997854233
	total_seconds_last_epoch: 15.3360700607
	training_seconds_this_epoch: 2.13052225113
	valid_objective: 0.689124941826
	valid_y_misclass: 0.46618449688
Time this epoch: 2.173931 seconds
Monitoring step:
	Epochs seen: 20
	Batches seen: 2000
	Examples seen: 200000
	learning_rate: 9.60002653301e-05
	momentum: 0.499997854233
	total_seconds_last_epoch: 15.4482736588
	training_seconds_this_epoch: 2.17393279076
	valid_objective: 0.68899834156
	valid_y_misclass: 0.465368449688
Time this epoch: 2.616462 seconds
Monitoring step:
	Epochs seen: 21
	Batches seen: 2100
	Examples seen: 210000
	learning_rate: 9.60002653301e-05
	momentum: 0.499997854233
	total_seconds_last_epoch: 16.4672431946
	training_seconds_this_epoch: 2.61648440361
	valid_objective: 0.688872396946
	valid_y_misclass: 0.464578807354
Time this epoch: 2.660606 seconds
Monitoring step:
	Epochs seen: 22
	Batches seen: 2200
	Examples seen: 220000
	learning_rate: 9.60002653301e-05
	momentum: 0.499997854233
	total_seconds_last_epoch: 19.0987453461
	training_seconds_this_epoch: 2.66059660912
	valid_objective: 0.688748538494
	valid_y_misclass: 0.463921070099
Time this epoch: 2.610049 seconds
Monitoring step:
	Epochs seen: 23
	Batches seen: 2300
	Examples seen: 230000
	learning_rate: 9.60002653301e-05
	momentum: 0.499997854233
	total_seconds_last_epoch: 19.272228241
	training_seconds_this_epoch: 2.61004304886
	valid_objective: 0.688625514507
	valid_y_misclass: 0.463263332844
Time this epoch: 2.644587 seconds
Monitoring step:
	Epochs seen: 24
	Batches seen: 2400
	Examples seen: 240000
	learning_rate: 9.60002653301e-05
	momentum: 0.499997854233
	total_seconds_last_epoch: 19.3597984314
	training_seconds_this_epoch: 2.64458680153
	valid_objective: 0.688504219055
	valid_y_misclass: 0.462394803762
Time this epoch: 2.617351 seconds
Monitoring step:
	Epochs seen: 25
	Batches seen: 2500
	Examples seen: 250000
	learning_rate: 9.60002653301e-05
	momentum: 0.499997854233
	total_seconds_last_epoch: 19.1648387909
	training_seconds_this_epoch: 2.61735391617
	valid_objective: 0.688383102417
	valid_y_misclass: 0.46202647686
Time this epoch: 2.054390 seconds
Monitoring step:
	Epochs seen: 26
	Batches seen: 2600
	Examples seen: 260000
	learning_rate: 9.60002653301e-05
	momentum: 0.499997854233
	total_seconds_last_epoch: 16.4528007507
	training_seconds_this_epoch: 2.05440354347
	valid_objective: 0.6882635355
	valid_y_misclass: 0.461552798748
Time this epoch: 2.035913 seconds
Monitoring step:
	Epochs seen: 27
	Batches seen: 2700
	Examples seen: 270000
	learning_rate: 9.60002653301e-05
	momentum: 0.499997854233
	total_seconds_last_epoch: 15.5054759979
	training_seconds_this_epoch: 2.03592419624
	valid_objective: 0.688144862652
	valid_y_misclass: 0.460987001657
Time this epoch: 2.138849 seconds
Monitoring step:
	Epochs seen: 28
	Batches seen: 2800
	Examples seen: 280000
	learning_rate: 9.60002653301e-05
	momentum: 0.499997854233
	total_seconds_last_epoch: 15.5701675415
	training_seconds_this_epoch: 2.13885855675
	valid_objective: 0.688026607037
	valid_y_misclass: 0.460473716259
Time this epoch: 2.046727 seconds
Monitoring step:
	Epochs seen: 29
	Batches seen: 2900
	Examples seen: 290000
	learning_rate: 9.60002653301e-05
	momentum: 0.499997854233
	total_seconds_last_epoch: 15.6172456741
	training_seconds_this_epoch: 2.04672574997
	valid_objective: 0.687909066677
	valid_y_misclass: 0.460289716721
Time this epoch: 2.133520 seconds
Monitoring step:
	Epochs seen: 30
	Batches seen: 3000
	Examples seen: 300000
	learning_rate: 9.60002653301e-05
	momentum: 0.499997854233
	total_seconds_last_epoch: 15.8575878143
	training_seconds_this_epoch: 2.13352298737
	valid_objective: 0.687793314457
	valid_y_misclass: 0.459565848112
Time this epoch: 2.154558 seconds
Monitoring step:
	Epochs seen: 31
	Batches seen: 3100
	Examples seen: 310000
	learning_rate: 9.60002653301e-05
	momentum: 0.499997854233
	total_seconds_last_epoch: 15.7076931
	training_seconds_this_epoch: 2.15454792976
	valid_objective: 0.687677502632
	valid_y_misclass: 0.459302425385
Time this epoch: 2.784444 seconds
Monitoring step:
	Epochs seen: 32
	Batches seen: 3200
	Examples seen: 320000
	learning_rate: 9.60002653301e-05
	momentum: 0.499997854233
	total_seconds_last_epoch: 16.4593696594
	training_seconds_this_epoch: 2.78445911407
	valid_objective: 0.687563836575
	valid_y_misclass: 0.458578884602
Time this epoch: 2.772325 seconds
Monitoring step:
	Epochs seen: 33
	Batches seen: 3300
	Examples seen: 330000
	learning_rate: 9.60002653301e-05
	momentum: 0.499997854233
	total_seconds_last_epoch: 19.7519264221
	training_seconds_this_epoch: 2.77233028412
	valid_objective: 0.687450349331
	valid_y_misclass: 0.458342194557
Time this epoch: 2.688514 seconds
Monitoring step:
	Epochs seen: 34
	Batches seen: 3400
	Examples seen: 340000
	learning_rate: 9.60002653301e-05
	momentum: 0.499997854233
	total_seconds_last_epoch: 19.6782550812
	training_seconds_this_epoch: 2.68850064278
	valid_objective: 0.687338590622
	valid_y_misclass: 0.457381784916
Time this epoch: 2.929556 seconds
Monitoring step:
	Epochs seen: 35
	Batches seen: 3500
	Examples seen: 350000
	learning_rate: 9.60002653301e-05
	momentum: 0.499997854233
	total_seconds_last_epoch: 19.6130237579
	training_seconds_this_epoch: 2.92956399918
	valid_objective: 0.687228560448
	valid_y_misclass: 0.456631749868
Time this epoch: 2.743959 seconds
Monitoring step:
	Epochs seen: 36
	Batches seen: 3600
	Examples seen: 360000
	learning_rate: 9.60002653301e-05
	momentum: 0.499997854233
	total_seconds_last_epoch: 19.8220920563
	training_seconds_this_epoch: 2.74394583702
	valid_objective: 0.687119841576
	valid_y_misclass: 0.456408172846
Time this epoch: 2.204111 seconds
Monitoring step:
	Epochs seen: 37
	Batches seen: 3700
	Examples seen: 370000
	learning_rate: 9.60002653301e-05
	momentum: 0.499997854233
	total_seconds_last_epoch: 17.577665329
	training_seconds_this_epoch: 2.2040989399
	valid_objective: 0.687012016773
	valid_y_misclass: 0.455855697393
Time this epoch: 2.157700 seconds
Monitoring step:
	Epochs seen: 38
	Batches seen: 3800
	Examples seen: 380000
	learning_rate: 9.60002653301e-05
	momentum: 0.499997854233
	total_seconds_last_epoch: 15.4874010086
	training_seconds_this_epoch: 2.15770602226
	valid_objective: 0.686906337738
	valid_y_misclass: 0.455513417721
Time this epoch: 2.069104 seconds
Monitoring step:
	Epochs seen: 39
	Batches seen: 3900
	Examples seen: 390000
	learning_rate: 9.60002653301e-05
	momentum: 0.499997854233
	total_seconds_last_epoch: 15.5809106827
	training_seconds_this_epoch: 2.06910157204
	valid_objective: 0.686802268028
	valid_y_misclass: 0.454947501421
Time this epoch: 2.212244 seconds
Monitoring step:
	Epochs seen: 40
	Batches seen: 4000
	Examples seen: 400000
	learning_rate: 9.60002653301e-05
	momentum: 0.499997854233
	total_seconds_last_epoch: 15.4418544769
	training_seconds_this_epoch: 2.21224737167
	valid_objective: 0.686700105667
	valid_y_misclass: 0.454552680254
Time this epoch: 2.108217 seconds
Monitoring step:
	Epochs seen: 41
	Batches seen: 4100
	Examples seen: 410000
	learning_rate: 9.60002653301e-05
	momentum: 0.499997854233
	total_seconds_last_epoch: 15.6787080765
	training_seconds_this_epoch: 2.1082239151
	valid_objective: 0.686600089073
	valid_y_misclass: 0.453881710768
Time this epoch: 2.182737 seconds
Monitoring step:
	Epochs seen: 42
	Batches seen: 4200
	Examples seen: 420000
	learning_rate: 9.60002653301e-05
	momentum: 0.499997854233
	total_seconds_last_epoch: 15.6845207214
	training_seconds_this_epoch: 2.18272829056
	valid_objective: 0.686502158642
	valid_y_misclass: 0.453513294458
Time this epoch: 2.173767 seconds
Monitoring step:
	Epochs seen: 43
	Batches seen: 4300
	Examples seen: 430000
	learning_rate: 9.60002653301e-05
	momentum: 0.499997854233
	total_seconds_last_epoch: 15.6207265854
	training_seconds_this_epoch: 2.17376613617
	valid_objective: 0.686406135559
	valid_y_misclass: 0.453184336424
Time this epoch: 2.777896 seconds
Monitoring step:
	Epochs seen: 44
	Batches seen: 4400
	Examples seen: 440000
	learning_rate: 9.60002653301e-05
	momentum: 0.499997854233
	total_seconds_last_epoch: 18.8715419769
	training_seconds_this_epoch: 2.77789855003
	valid_objective: 0.686312198639
	valid_y_misclass: 0.452881604433
Time this epoch: 2.830475 seconds
Monitoring step:
	Epochs seen: 45
	Batches seen: 4500
	Examples seen: 450000
	learning_rate: 9.60002653301e-05
	momentum: 0.499997854233
	total_seconds_last_epoch: 19.4803791046
	training_seconds_this_epoch: 2.83049178123
	valid_objective: 0.686220347881
	valid_y_misclass: 0.452197402716
Time this epoch: 2.786657 seconds
Monitoring step:
	Epochs seen: 46
	Batches seen: 4600
	Examples seen: 460000
	learning_rate: 9.60002653301e-05
	momentum: 0.499997854233
	total_seconds_last_epoch: 19.6394557953
	training_seconds_this_epoch: 2.78664708138
	valid_objective: 0.686131536961
	valid_y_misclass: 0.452157974243
Time this epoch: 2.724357 seconds
Monitoring step:
	Epochs seen: 47
	Batches seen: 4700
	Examples seen: 470000
	learning_rate: 9.60002653301e-05
	momentum: 0.499997854233
	total_seconds_last_epoch: 19.7330875397
	training_seconds_this_epoch: 2.72433042526
	valid_objective: 0.686043798923
	valid_y_misclass: 0.45217114687
Time this epoch: 2.233067 seconds
Monitoring step:
	Epochs seen: 48
	Batches seen: 4800
	Examples seen: 480000
	learning_rate: 9.60002653301e-05
	momentum: 0.499997854233
	total_seconds_last_epoch: 19.0331954956
	training_seconds_this_epoch: 2.23308062553
	valid_objective: 0.685957968235
	valid_y_misclass: 0.451578825712
Time this epoch: 2.288454 seconds
Monitoring step:
	Epochs seen: 49
	Batches seen: 4900
	Examples seen: 490000
	learning_rate: 9.60002653301e-05
	momentum: 0.499997854233
	total_seconds_last_epoch: 15.8823890686
	training_seconds_this_epoch: 2.28845691681
	valid_objective: 0.685875415802
	valid_y_misclass: 0.451000064611
Time this epoch: 2.233028 seconds
Monitoring step:
	Epochs seen: 50
	Batches seen: 5000
	Examples seen: 500000
	learning_rate: 9.60002653301e-05
	momentum: 0.499997854233
	total_seconds_last_epoch: 15.9548215866
	training_seconds_this_epoch: 2.23302102089
	valid_objective: 0.685794472694
	valid_y_misclass: 0.450526416302
Time this epoch: 2.339783 seconds
Monitoring step:
	Epochs seen: 51
	Batches seen: 5100
	Examples seen: 510000
	learning_rate: 9.60002653301e-05
	momentum: 0.499997854233
	total_seconds_last_epoch: 15.9911394119
	training_seconds_this_epoch: 2.33979654312
	valid_objective: 0.685715973377
	valid_y_misclass: 0.450289577246
