Using gpu device 0: GeForce GTX TITAN X
Gtk-Message: Failed to load module "canberra-gtk-module"
/afs/cs.wisc.edu/u/s/i/sidharth/private/pylearn2/pylearn2/model_extensions/norm_constraint.py:97: UserWarning: MaxL2FilterNorm is deprecated and may be removed on or after 2016-01-31. Use ConstrainFilterL2Norm.
  warnings.warn("MaxL2FilterNorm is deprecated and may be removed on or"
Input shape: (96, 96)
Detector space: (92, 92)
Output space: (46, 46)
Input shape: (46, 46)
Detector space: (42, 42)
Output space: (21, 21)
Loading data took 23.355 ms
Loading data took 135.563 ms
Loading data took 135.660 ms
Parameter and initial learning rate summary:
	h2_W: 3.8999998651e-05
	h2_b: 3.8999998651e-05
	h3_W: 3.8999998651e-05
	h3_b: 3.8999998651e-05
	softmax_b: 3.8999998651e-05
	softmax_W: 3.8999998651e-05
Compiling sgd_update...
Compiling sgd_update done. Time elapsed: 1.793786 seconds
loading pre trained model
loading done
Time this epoch: 0:01:56.023175
compiling begin_record_entry...
compiling begin_record_entry done. Time elapsed: 0.061566 seconds
Monitored channels: 
	learning_rate
	momentum
	test_objective
	test_y_misclass
	total_seconds_last_epoch
	train_objective
	train_y_misclass
	training_seconds_this_epoch
	valid_objective
	valid_y_misclass
Compiling accum...
graph size: 109
graph size: 93
graph size: 93
Compiling accum done. Time elapsed: 1.693137 seconds
