Using gpu device 1: GeForce GTX TITAN X
Gtk-Message: Failed to load module "canberra-gtk-module"
/afs/cs.wisc.edu/u/s/i/sidharth/private/pylearn2/pylearn2/model_extensions/norm_constraint.py:97: UserWarning: MaxL2FilterNorm is deprecated and may be removed on or after 2016-01-31. Use ConstrainFilterL2Norm.
  warnings.warn("MaxL2FilterNorm is deprecated and may be removed on or"
Loading data took 23.549 ms
Loading data took 135.128 ms
Loading data took 135.040 ms
Parameter and initial learning rate summary:
	h1_W: 1.99999999495e-06
	h1_b: 1.99999999495e-06
	h2_W: 1.99999999495e-06
	h2_b: 1.99999999495e-06
	softmax_b: 1.99999999495e-06
	softmax_W: 1.99999999495e-06
Compiling sgd_update...
Compiling sgd_update done. Time elapsed: 1.135755 seconds
Time this epoch: 47.380994 seconds
compiling begin_record_entry...
compiling begin_record_entry done. Time elapsed: 0.065349 seconds
Monitored channels: 
	learning_rate
	momentum
	test_objective
	test_y_misclass
	total_seconds_last_epoch
	train_objective
	train_y_misclass
	training_seconds_this_epoch
	valid_objective
	valid_y_misclass
Compiling accum...
graph size: 53
graph size: 37
graph size: 37
Compiling accum done. Time elapsed: 0.665774 seconds
Monitoring step:
	Epochs seen: 1
	Batches seen: 200
	Examples seen: 20000
	learning_rate: 2.0000004497e-06
	momentum: 0.499999791384
	test_objective: 0.52923232317
	test_y_misclass: 0.263500034809
	total_seconds_last_epoch: 0.0
	train_objective: 0.526760280132
	train_y_misclass: 0.260450065136
	training_seconds_this_epoch: 47.38098526
	valid_objective: 0.525103330612
	valid_y_misclass: 0.253499984741
Time this epoch: 47.321326 seconds
Monitoring step:
	Epochs seen: 2
	Batches seen: 400
	Examples seen: 40000
	learning_rate: 2.0000004497e-06
	momentum: 0.499999791384
	test_objective: 0.503961145878
	test_y_misclass: 0.244250014424
	total_seconds_last_epoch: 75.7359008789
	train_objective: 0.499037146568
	train_y_misclass: 0.241450056434
	training_seconds_this_epoch: 47.3213233948
	valid_objective: 0.501984477043
	valid_y_misclass: 0.242250040174
Time this epoch: 47.285869 seconds
Monitoring step:
	Epochs seen: 3
	Batches seen: 600
	Examples seen: 60000
	learning_rate: 2.0000004497e-06
	momentum: 0.499999791384
	test_objective: 0.491485208273
	test_y_misclass: 0.233499988914
	total_seconds_last_epoch: 69.692276001
	train_objective: 0.484559416771
	train_y_misclass: 0.231249988079
	training_seconds_this_epoch: 47.2858772278
	valid_objective: 0.490390777588
	valid_y_misclass: 0.23550003767
Time this epoch: 47.309829 seconds
Monitoring step:
	Epochs seen: 4
	Batches seen: 800
	Examples seen: 80000
	learning_rate: 2.0000004497e-06
	momentum: 0.499999791384
	test_objective: 0.482307076454
	test_y_misclass: 0.226500034332
	total_seconds_last_epoch: 74.8163146973
	train_objective: 0.473703682423
	train_y_misclass: 0.223900049925
	training_seconds_this_epoch: 47.3098335266
	valid_objective: 0.481697291136
	valid_y_misclass: 0.229750007391
Time this epoch: 43.374253 seconds
Monitoring step:
	Epochs seen: 5
	Batches seen: 1000
	Examples seen: 100000
	learning_rate: 2.0000004497e-06
	momentum: 0.499999791384
	test_objective: 0.474930018187
	test_y_misclass: 0.224500015378
	total_seconds_last_epoch: 74.8597412109
	train_objective: 0.464830964804
	train_y_misclass: 0.216800034046
	training_seconds_this_epoch: 43.3742675781
	valid_objective: 0.47460103035
	valid_y_misclass: 0.225749999285
Time this epoch: 47.275794 seconds
Monitoring step:
	Epochs seen: 6
	Batches seen: 1200
	Examples seen: 120000
	learning_rate: 2.0000004497e-06
	momentum: 0.499999791384
	test_objective: 0.468789517879
	test_y_misclass: 0.220500007272
	total_seconds_last_epoch: 70.8696136475
	train_objective: 0.457336992025
	train_y_misclass: 0.212650030851
	training_seconds_this_epoch: 47.275806427
	valid_objective: 0.468691051006
	valid_y_misclass: 0.221500024199
Time this epoch: 44.003122 seconds
Monitoring step:
	Epochs seen: 7
	Batches seen: 1400
	Examples seen: 140000
	learning_rate: 2.0000004497e-06
	momentum: 0.499999791384
	test_objective: 0.463487654924
	test_y_misclass: 0.217000022531
	total_seconds_last_epoch: 74.8164215088
	train_objective: 0.45078599453
	train_y_misclass: 0.208800017834
	training_seconds_this_epoch: 44.0031318665
	valid_objective: 0.463607817888
	valid_y_misclass: 0.219750016928
Time this epoch: 38.032113 seconds
Monitoring step:
	Epochs seen: 8
	Batches seen: 1600
	Examples seen: 160000
	learning_rate: 2.0000004497e-06
	momentum: 0.499999791384
	test_objective: 0.459041297436
	test_y_misclass: 0.213250011206
	total_seconds_last_epoch: 61.9369468689
	train_objective: 0.445175647736
	train_y_misclass: 0.205949932337
	training_seconds_this_epoch: 38.0320892334
	valid_objective: 0.459358274937
	valid_y_misclass: 0.218500033021
Time this epoch: 47.505194 seconds
Monitoring step:
	Epochs seen: 9
	Batches seen: 1800
	Examples seen: 180000
	learning_rate: 2.0000004497e-06
	momentum: 0.499999791384
	test_objective: 0.455137908459
	test_y_misclass: 0.211250022054
	total_seconds_last_epoch: 65.5433959961
	train_objective: 0.440163135529
	train_y_misclass: 0.203400030732
	training_seconds_this_epoch: 47.505191803
	valid_objective: 0.455623179674
	valid_y_misclass: 0.216000005603
Time this epoch: 49.580557 seconds
Monitoring step:
	Epochs seen: 10
	Batches seen: 2000
	Examples seen: 200000
	learning_rate: 2.0000004497e-06
	momentum: 0.499999791384
	test_objective: 0.451711088419
	test_y_misclass: 0.209250018001
	total_seconds_last_epoch: 74.9926757812
	train_objective: 0.435647785664
	train_y_misclass: 0.199599996209
	training_seconds_this_epoch: 49.5805473328
	valid_objective: 0.45231539011
	valid_y_misclass: 0.214000016451
Time this epoch: 47.448087 seconds
Monitoring step:
	Epochs seen: 11
	Batches seen: 2200
	Examples seen: 220000
	learning_rate: 2.0000004497e-06
	momentum: 0.499999791384
	test_objective: 0.44857057929
	test_y_misclass: 0.206000000238
	total_seconds_last_epoch: 69.0992279053
	train_objective: 0.431459367275
	train_y_misclass: 0.196450009942
	training_seconds_this_epoch: 47.4481086731
	valid_objective: 0.449282228947
	valid_y_misclass: 0.212250053883
Time this epoch: 58.413890 seconds
Monitoring step:
	Epochs seen: 12
	Batches seen: 2400
	Examples seen: 240000
	learning_rate: 2.0000004497e-06
	momentum: 0.499999791384
	test_objective: 0.445712685585
	test_y_misclass: 0.201249971986
	total_seconds_last_epoch: 74.9364013672
	train_objective: 0.427601963282
	train_y_misclass: 0.194299995899
	training_seconds_this_epoch: 58.4138793945
	valid_objective: 0.446540147066
	valid_y_misclass: 0.210250020027
Time this epoch: 57.744342 seconds
Monitoring step:
	Epochs seen: 13
	Batches seen: 2600
	Examples seen: 260000
	learning_rate: 2.0000004497e-06
	momentum: 0.499999791384
	test_objective: 0.443141490221
	test_y_misclass: 0.200999960303
	total_seconds_last_epoch: 92.5629730225
	train_objective: 0.424062401056
	train_y_misclass: 0.192000046372
	training_seconds_this_epoch: 57.7443275452
	valid_objective: 0.444079697132
	valid_y_misclass: 0.208250045776
Time this epoch: 0:01:00.258239
Monitoring step:
	Epochs seen: 14
	Batches seen: 2800
	Examples seen: 280000
	learning_rate: 2.0000004497e-06
	momentum: 0.499999791384
	test_objective: 0.440886974335
	test_y_misclass: 0.19874997437
	total_seconds_last_epoch: 91.8542251587
	train_objective: 0.420875787735
	train_y_misclass: 0.189750090241
	training_seconds_this_epoch: 60.2582168579
	valid_objective: 0.441927731037
	valid_y_misclass: 0.206750050187
Time this epoch: 58.971557 seconds
Monitoring step:
	Epochs seen: 15
	Batches seen: 3000
	Examples seen: 300000
	learning_rate: 2.0000004497e-06
	momentum: 0.499999791384
	test_objective: 0.438743621111
	test_y_misclass: 0.197999969125
	total_seconds_last_epoch: 94.3868179321
	train_objective: 0.417813032866
	train_y_misclass: 0.188150048256
	training_seconds_this_epoch: 58.9715576172
	valid_objective: 0.439877837896
	valid_y_misclass: 0.204500064254
Time this epoch: 55.933247 seconds
Monitoring step:
	Epochs seen: 16
	Batches seen: 3200
	Examples seen: 320000
	learning_rate: 2.0000004497e-06
	momentum: 0.499999791384
	test_objective: 0.436708986759
	test_y_misclass: 0.197999954224
	total_seconds_last_epoch: 89.9436264038
	train_objective: 0.414904773235
	train_y_misclass: 0.186400070786
	training_seconds_this_epoch: 55.9332313538
	valid_objective: 0.437938392162
	valid_y_misclass: 0.20400005579
Time this epoch: 59.986931 seconds
Monitoring step:
	Epochs seen: 17
	Batches seen: 3400
	Examples seen: 340000
	learning_rate: 2.0000004497e-06
	momentum: 0.499999791384
	test_objective: 0.434857100248
	test_y_misclass: 0.196999952197
	total_seconds_last_epoch: 89.9493331909
	train_objective: 0.412160605192
	train_y_misclass: 0.18460008502
	training_seconds_this_epoch: 59.9869117737
	valid_objective: 0.436156898737
	valid_y_misclass: 0.203000038862
Time this epoch: 58.114303 seconds
Monitoring step:
	Epochs seen: 18
	Batches seen: 3600
	Examples seen: 360000
	learning_rate: 2.0000004497e-06
	momentum: 0.499999791384
	test_objective: 0.433185696602
	test_y_misclass: 0.196749970317
	total_seconds_last_epoch: 93.9636306763
	train_objective: 0.40963742137
	train_y_misclass: 0.182700023055
	training_seconds_this_epoch: 58.114315033
	valid_objective: 0.434575229883
	valid_y_misclass: 0.20275002718
Time this epoch: 0:01:00.158893
Monitoring step:
	Epochs seen: 19
	Batches seen: 3800
	Examples seen: 380000
	learning_rate: 2.0000004497e-06
	momentum: 0.499999791384
	test_objective: 0.431449174881
	test_y_misclass: 0.196499973536
	total_seconds_last_epoch: 85.1275558472
	train_objective: 0.407052129507
	train_y_misclass: 0.18100002408
	training_seconds_this_epoch: 60.1588745117
	valid_objective: 0.432918518782
	valid_y_misclass: 0.201500013471
Time this epoch: 0:01:00.222465
Monitoring step:
	Epochs seen: 20
	Batches seen: 4000
	Examples seen: 400000
	learning_rate: 2.0000004497e-06
	momentum: 0.499999791384
	test_objective: 0.429869115353
	test_y_misclass: 0.195999979973
	total_seconds_last_epoch: 94.2077560425
	train_objective: 0.404638409615
	train_y_misclass: 0.179300025105
	training_seconds_this_epoch: 60.2224693298
	valid_objective: 0.431417495012
	valid_y_misclass: 0.201000019908
Time this epoch: 56.888318 seconds
Monitoring step:
	Epochs seen: 21
	Batches seen: 4200
	Examples seen: 420000
	learning_rate: 2.0000004497e-06
	momentum: 0.499999791384
	test_objective: 0.428454458714
	test_y_misclass: 0.196499973536
	total_seconds_last_epoch: 94.231880188
	train_objective: 0.402430802584
	train_y_misclass: 0.178500041366
	training_seconds_this_epoch: 56.8883094788
	valid_objective: 0.430072724819
	valid_y_misclass: 0.200500026345
Time this epoch: 0:01:00.118002
Monitoring step:
	Epochs seen: 22
	Batches seen: 4400
	Examples seen: 440000
	learning_rate: 2.0000004497e-06
	momentum: 0.499999791384
	test_objective: 0.427024275064
	test_y_misclass: 0.196500003338
	total_seconds_last_epoch: 90.6769638062
	train_objective: 0.40017580986
	train_y_misclass: 0.177300050855
	training_seconds_this_epoch: 60.1179847717
	valid_objective: 0.428705841303
	valid_y_misclass: 0.199250012636
Time this epoch: 0:01:00.159907
Monitoring step:
	Epochs seen: 23
	Batches seen: 4600
	Examples seen: 460000
	learning_rate: 2.0000004497e-06
	momentum: 0.499999791384
	test_objective: 0.425681769848
	test_y_misclass: 0.195500001311
	total_seconds_last_epoch: 93.9480667114
	train_objective: 0.398014903069
	train_y_misclass: 0.175800055265
	training_seconds_this_epoch: 60.1599082947
	valid_objective: 0.427419394255
	valid_y_misclass: 0.199500009418
Time this epoch: 53.564811 seconds
Monitoring step:
	Epochs seen: 24
	Batches seen: 4800
	Examples seen: 480000
	learning_rate: 2.0000004497e-06
	momentum: 0.499999791384
	test_objective: 0.424428671598
	test_y_misclass: 0.195749998093
	total_seconds_last_epoch: 94.163734436
	train_objective: 0.395970910788
	train_y_misclass: 0.174850061536
	training_seconds_this_epoch: 53.5647926331
	valid_objective: 0.426233887672
	valid_y_misclass: 0.199500009418
Time this epoch: 0:01:00.279694
Monitoring step:
	Epochs seen: 25
	Batches seen: 5000
	Examples seen: 500000
	learning_rate: 2.0000004497e-06
	momentum: 0.499999791384
	test_objective: 0.423175483942
	test_y_misclass: 0.19549998641
	total_seconds_last_epoch: 87.7059020996
	train_objective: 0.393942028284
	train_y_misclass: 0.173450082541
	training_seconds_this_epoch: 60.2796936035
	valid_objective: 0.425041049719
	valid_y_misclass: 0.199500009418
Time this epoch: 0:01:00.436642
Monitoring step:
	Epochs seen: 26
	Batches seen: 5200
	Examples seen: 520000
	learning_rate: 2.0000004497e-06
	momentum: 0.499999791384
	test_objective: 0.42205619812
	test_y_misclass: 0.194749996066
	total_seconds_last_epoch: 94.3027038574
	train_objective: 0.392035514116
	train_y_misclass: 0.172500088811
	training_seconds_this_epoch: 60.436668396
	valid_objective: 0.423970580101
	valid_y_misclass: 0.199750006199
Time this epoch: 59.136961 seconds
Monitoring step:
	Epochs seen: 27
	Batches seen: 5400
	Examples seen: 540000
	learning_rate: 2.0000004497e-06
	momentum: 0.499999791384
	test_objective: 0.420968860388
	test_y_misclass: 0.19374999404
	total_seconds_last_epoch: 89.6744842529
	train_objective: 0.3901899755
	train_y_misclass: 0.171500056982
	training_seconds_this_epoch: 59.1369628906
	valid_objective: 0.422935038805
	valid_y_misclass: 0.199000000954
Time this epoch: 59.887904 seconds
Monitoring step:
	Epochs seen: 28
	Batches seen: 5600
	Examples seen: 560000
	learning_rate: 2.0000004497e-06
	momentum: 0.499999791384
	test_objective: 0.419958263636
	test_y_misclass: 0.193999990821
	total_seconds_last_epoch: 93.0677108765
	train_objective: 0.388408303261
	train_y_misclass: 0.170700058341
	training_seconds_this_epoch: 59.8878860474
	valid_objective: 0.421969592571
	valid_y_misclass: 0.198749989271
Time this epoch: 57.930614 seconds
Monitoring step:
	Epochs seen: 29
	Batches seen: 5800
	Examples seen: 580000
	learning_rate: 2.0000004497e-06
	momentum: 0.499999791384
	test_objective: 0.419022917747
	test_y_misclass: 0.193499997258
	total_seconds_last_epoch: 93.8809280396
	train_objective: 0.386700540781
	train_y_misclass: 0.169850021601
	training_seconds_this_epoch: 57.930606842
	valid_objective: 0.42107090354
	valid_y_misclass: 0.199249997735
Time this epoch: 0:01:00.056382
Monitoring step:
	Epochs seen: 30
	Batches seen: 6000
	Examples seen: 600000
	learning_rate: 2.0000004497e-06
	momentum: 0.499999791384
	test_objective: 0.418103992939
	test_y_misclass: 0.192000001669
	total_seconds_last_epoch: 84.5456008911
	train_objective: 0.385032624006
	train_y_misclass: 0.168300017715
	training_seconds_this_epoch: 60.0564117432
	valid_objective: 0.420190155506
	valid_y_misclass: 0.198500022292
Time this epoch: 0:01:00.250611
Monitoring step:
	Epochs seen: 31
	Batches seen: 6200
	Examples seen: 620000
	learning_rate: 2.0000004497e-06
	momentum: 0.499999791384
	test_objective: 0.417229920626
	test_y_misclass: 0.191750004888
	total_seconds_last_epoch: 92.627571106
	train_objective: 0.383411347866
	train_y_misclass: 0.166950002313
	training_seconds_this_epoch: 60.2505874634
	valid_objective: 0.419351935387
	valid_y_misclass: 0.196750044823
Time this epoch: 55.570771 seconds
Monitoring step:
	Epochs seen: 32
	Batches seen: 6400
	Examples seen: 640000
	learning_rate: 2.0000004497e-06
	momentum: 0.499999791384
	test_objective: 0.41642382741
	test_y_misclass: 0.190750017762
	total_seconds_last_epoch: 94.3672714233
	train_objective: 0.381858587265
	train_y_misclass: 0.165950000286
	training_seconds_this_epoch: 55.5707893372
	valid_objective: 0.418578118086
	valid_y_misclass: 0.195000067353
Time this epoch: 0:01:00.206727
Monitoring step:
	Epochs seen: 33
	Batches seen: 6600
	Examples seen: 660000
	learning_rate: 2.0000004497e-06
	momentum: 0.499999791384
	test_objective: 0.415663957596
	test_y_misclass: 0.190250024199
	total_seconds_last_epoch: 83.2952957153
	train_objective: 0.380355238914
	train_y_misclass: 0.165049999952
	training_seconds_this_epoch: 60.2067451477
	valid_objective: 0.417846024036
	valid_y_misclass: 0.194250047207
Time this epoch: 0:01:00.009075
Monitoring step:
	Epochs seen: 34
	Batches seen: 6800
	Examples seen: 680000
	learning_rate: 2.0000004497e-06
	momentum: 0.499999791384
	test_objective: 0.414936184883
	test_y_misclass: 0.190000027418
	total_seconds_last_epoch: 94.3184432983
	train_objective: 0.378892838955
	train_y_misclass: 0.164250016212
	training_seconds_this_epoch: 60.0090408325
	valid_objective: 0.417147099972
	valid_y_misclass: 0.194000035524
Time this epoch: 54.459401 seconds
Monitoring step:
	Epochs seen: 35
	Batches seen: 7000
	Examples seen: 700000
	learning_rate: 2.0000004497e-06
	momentum: 0.499999791384
	test_objective: 0.414192199707
	test_y_misclass: 0.189250037074
	total_seconds_last_epoch: 93.8548812866
	train_objective: 0.377430558205
	train_y_misclass: 0.16400000453
	training_seconds_this_epoch: 54.4593849182
	valid_objective: 0.416435092688
	valid_y_misclass: 0.193500041962
Time this epoch: 0:01:00.110671
Monitoring step:
	Epochs seen: 36
	Batches seen: 7200
	Examples seen: 720000
	learning_rate: 2.0000004497e-06
	momentum: 0.499999791384
	test_objective: 0.413485705853
	test_y_misclass: 0.18875002861
	total_seconds_last_epoch: 85.3460617065
	train_objective: 0.375999748707
	train_y_misclass: 0.16280002892
	training_seconds_this_epoch: 60.1106567383
	valid_objective: 0.415747225285
	valid_y_misclass: 0.192250043154
Time this epoch: 58.867480 seconds
Monitoring step:
	Epochs seen: 37
	Batches seen: 7400
	Examples seen: 740000
	learning_rate: 2.0000004497e-06
	momentum: 0.499999791384
	test_objective: 0.412835270166
	test_y_misclass: 0.189000025392
	total_seconds_last_epoch: 94.0436782837
	train_objective: 0.374637752771
	train_y_misclass: 0.161900028586
	training_seconds_this_epoch: 58.8674888611
	valid_objective: 0.415113419294
	valid_y_misclass: 0.191250056028
Time this epoch: 50.515755 seconds
Monitoring step:
	Epochs seen: 38
	Batches seen: 7600
	Examples seen: 760000
	learning_rate: 2.0000004497e-06
	momentum: 0.499999791384
	test_objective: 0.41222178936
	test_y_misclass: 0.18875002861
	total_seconds_last_epoch: 93.0118026733
	train_objective: 0.373328119516
	train_y_misclass: 0.160800054669
	training_seconds_this_epoch: 50.515750885
	valid_objective: 0.414520323277
	valid_y_misclass: 0.190250024199
Time this epoch: 0:01:00.193385
Monitoring step:
	Epochs seen: 39
	Batches seen: 7800
	Examples seen: 780000
	learning_rate: 2.0000004497e-06
	momentum: 0.499999791384
	test_objective: 0.411602497101
	test_y_misclass: 0.188250035048
	total_seconds_last_epoch: 77.8799133301
	train_objective: 0.372000157833
	train_y_misclass: 0.15985006094
	training_seconds_this_epoch: 60.1933670044
	valid_objective: 0.413912415504
	valid_y_misclass: 0.189500018954
Time this epoch: 0:01:00.180967
Monitoring step:
	Epochs seen: 40
	Batches seen: 8000
	Examples seen: 800000
	learning_rate: 2.0000004497e-06
	momentum: 0.499999791384
	test_objective: 0.411006629467
	test_y_misclass: 0.188250035048
	total_seconds_last_epoch: 94.2778701782
	train_objective: 0.37070068717
	train_y_misclass: 0.159050047398
	training_seconds_this_epoch: 60.1809654236
	valid_objective: 0.413325339556
	valid_y_misclass: 0.188750013709
Time this epoch: 55.031811 seconds
Monitoring step:
	Epochs seen: 41
	Batches seen: 8200
	Examples seen: 820000
	learning_rate: 2.0000004497e-06
	momentum: 0.499999791384
	test_objective: 0.410429954529
	test_y_misclass: 0.188000023365
	total_seconds_last_epoch: 94.1279067993
	train_objective: 0.369423985481
	train_y_misclass: 0.15845002234
	training_seconds_this_epoch: 55.0317802429
	valid_objective: 0.412752121687
	valid_y_misclass: 0.188000008464
Time this epoch: 0:01:00.161255
Monitoring step:
	Epochs seen: 42
	Batches seen: 8400
	Examples seen: 840000
	learning_rate: 2.0000004497e-06
	momentum: 0.499999791384
	test_objective: 0.409852445126
	test_y_misclass: 0.18700003624
	total_seconds_last_epoch: 85.985748291
	train_objective: 0.368153512478
	train_y_misclass: 0.157900005579
	training_seconds_this_epoch: 60.1612739563
	valid_objective: 0.412168115377
	valid_y_misclass: 0.18725001812
Time this epoch: 58.799670 seconds
Monitoring step:
	Epochs seen: 43
	Batches seen: 8600
	Examples seen: 860000
	learning_rate: 2.0000004497e-06
	momentum: 0.499999791384
	test_objective: 0.40922549367
	test_y_misclass: 0.187250033021
	total_seconds_last_epoch: 94.0448226929
	train_objective: 0.366839617491
	train_y_misclass: 0.157100006938
	training_seconds_this_epoch: 58.7997055054
	valid_objective: 0.411527901888
	valid_y_misclass: 0.186500012875
Time this epoch: 50.872966 seconds
Monitoring step:
	Epochs seen: 44
	Batches seen: 8800
	Examples seen: 880000
	learning_rate: 2.0000004497e-06
	momentum: 0.499999791384
	test_objective: 0.408646553755
	test_y_misclass: 0.186500027776
	total_seconds_last_epoch: 92.9331283569
	train_objective: 0.365564644337
	train_y_misclass: 0.15634997189
	training_seconds_this_epoch: 50.872959137
	valid_objective: 0.410926491022
	valid_y_misclass: 0.186500012875
Time this epoch: 0:01:00.314333
Monitoring step:
	Epochs seen: 45
	Batches seen: 9000
	Examples seen: 900000
	learning_rate: 2.0000004497e-06
	momentum: 0.499999791384
	test_objective: 0.408098161221
	test_y_misclass: 0.185750037432
	total_seconds_last_epoch: 85.0354309082
	train_objective: 0.364331901073
	train_y_misclass: 0.155100002885
	training_seconds_this_epoch: 60.3143348694
	valid_objective: 0.410363763571
	valid_y_misclass: 0.186750009656
Time this epoch: 0:01:00.224892
Monitoring step:
	Epochs seen: 46
	Batches seen: 9200
	Examples seen: 920000
	learning_rate: 2.0000004497e-06
	momentum: 0.499999791384
	test_objective: 0.407570064068
	test_y_misclass: 0.185000047088
	total_seconds_last_epoch: 94.425743103
	train_objective: 0.363128006458
	train_y_misclass: 0.154300019145
	training_seconds_this_epoch: 60.2249069214
	valid_objective: 0.40982195735
	valid_y_misclass: 0.186000004411
Time this epoch: 47.112133 seconds
Monitoring step:
	Epochs seen: 47
	Batches seen: 9400
	Examples seen: 940000
	learning_rate: 2.0000004497e-06
	momentum: 0.499999791384
	test_objective: 0.407068312168
	test_y_misclass: 0.184500053525
	total_seconds_last_epoch: 94.4811172485
	train_objective: 0.361950367689
	train_y_misclass: 0.153850018978
	training_seconds_this_epoch: 47.1121253967
	valid_objective: 0.409305423498
	valid_y_misclass: 0.185000002384
Time this epoch: 0:01:00.023868
Monitoring step:
	Epochs seen: 48
	Batches seen: 9600
	Examples seen: 960000
	learning_rate: 2.0000004497e-06
	momentum: 0.499999791384
	test_objective: 0.406576514244
	test_y_misclass: 0.184250026941
	total_seconds_last_epoch: 81.1917419434
	train_objective: 0.36078825593
	train_y_misclass: 0.153450012207
	training_seconds_this_epoch: 60.0238418579
	valid_objective: 0.408802777529
	valid_y_misclass: 0.184249997139
Time this epoch: 0:01:00.154054
Monitoring step:
	Epochs seen: 49
	Batches seen: 9800
	Examples seen: 980000
	learning_rate: 2.0000004497e-06
	momentum: 0.499999791384
	test_objective: 0.406080037355
	test_y_misclass: 0.183750033379
	total_seconds_last_epoch: 93.9690170288
	train_objective: 0.359636127949
	train_y_misclass: 0.152350008488
	training_seconds_this_epoch: 60.1540756226
	valid_objective: 0.408294439316
	valid_y_misclass: 0.183750003576
Time this epoch: 51.717970 seconds
Monitoring step:
	Epochs seen: 50
	Batches seen: 10000
	Examples seen: 1000000
	learning_rate: 2.0000004497e-06
	momentum: 0.499999791384
	test_objective: 0.405551880598
	test_y_misclass: 0.183750033379
	total_seconds_last_epoch: 92.7388687134
	train_objective: 0.358464330435
	train_y_misclass: 0.151550024748
	training_seconds_this_epoch: 51.7179832458
	valid_objective: 0.407752394676
	valid_y_misclass: 0.184000000358
Time this epoch: 0:01:00.244819
Monitoring step:
	Epochs seen: 51
	Batches seen: 10200
	Examples seen: 1020000
	learning_rate: 2.0000004497e-06
	momentum: 0.499999791384
	test_objective: 0.4050578475
	test_y_misclass: 0.183500006795
	total_seconds_last_epoch: 85.8596878052
	train_objective: 0.357325732708
	train_y_misclass: 0.150750026107
	training_seconds_this_epoch: 60.2447891235
	valid_objective: 0.407249420881
	valid_y_misclass: 0.183750003576
