Using gpu device 0: GeForce GTX TITAN X
Gtk-Message: Failed to load module "canberra-gtk-module"
/afs/cs.wisc.edu/u/s/i/sidharth/private/pylearn2/pylearn2/model_extensions/norm_constraint.py:97: UserWarning: MaxL2FilterNorm is deprecated and may be removed on or after 2016-01-31. Use ConstrainFilterL2Norm.
  warnings.warn("MaxL2FilterNorm is deprecated and may be removed on or"
Loading data took 24.245 ms
Loading data took 136.467 ms
Loading data took 135.166 ms
Parameter and initial learning rate summary:
	h1_W: 1.99999999495e-06
	h1_b: 1.99999999495e-06
	h2_W: 1.99999999495e-06
	h2_b: 1.99999999495e-06
	softmax_b: 1.99999999495e-06
	softmax_W: 1.99999999495e-06
Compiling sgd_update...
Compiling sgd_update done. Time elapsed: 1.209262 seconds
Time this epoch: 23.268455 seconds
compiling begin_record_entry...
compiling begin_record_entry done. Time elapsed: 0.035643 seconds
Monitored channels: 
	learning_rate
	momentum
	test_objective
	test_y_misclass
	total_seconds_last_epoch
	train_objective
	train_y_misclass
	training_seconds_this_epoch
	valid_objective
	valid_y_misclass
Compiling accum...
graph size: 53
graph size: 37
graph size: 37
Compiling accum done. Time elapsed: 0.561100 seconds
Monitoring step:
	Epochs seen: 1
	Batches seen: 150
	Examples seen: 15000
	learning_rate: 2.0000004497e-06
	momentum: 0.499999791384
	test_objective: 0.56344050169
	test_y_misclass: 0.295249998569
	total_seconds_last_epoch: 0.0
	train_objective: 0.566969454288
	train_y_misclass: 0.300333410501
	training_seconds_this_epoch: 23.268453598
	valid_objective: 0.559251785278
	valid_y_misclass: 0.289500027895
Time this epoch: 24.465516 seconds
Monitoring step:
	Epochs seen: 2
	Batches seen: 300
	Examples seen: 30000
	learning_rate: 2.0000004497e-06
	momentum: 0.499999791384
	test_objective: 0.519896566868
	test_y_misclass: 0.258749991655
	total_seconds_last_epoch: 38.2874908447
	train_objective: 0.518592953682
	train_y_misclass: 0.258133292198
	training_seconds_this_epoch: 24.4655075073
	valid_objective: 0.517611145973
	valid_y_misclass: 0.254750013351
Time this epoch: 24.581080 seconds
Monitoring step:
	Epochs seen: 3
	Batches seen: 450
	Examples seen: 45000
	learning_rate: 2.0000004497e-06
	momentum: 0.499999791384
	test_objective: 0.497268468142
	test_y_misclass: 0.238499999046
	total_seconds_last_epoch: 39.1321754456
	train_objective: 0.492553621531
	train_y_misclass: 0.238799914718
	training_seconds_this_epoch: 24.5810718536
	valid_objective: 0.495853424072
	valid_y_misclass: 0.239749997854
Time this epoch: 24.421435 seconds
Monitoring step:
	Epochs seen: 4
	Batches seen: 600
	Examples seen: 60000
	learning_rate: 2.0000004497e-06
	momentum: 0.499999791384
	test_objective: 0.484331697226
	test_y_misclass: 0.228250011802
	total_seconds_last_epoch: 39.2435760498
	train_objective: 0.477085888386
	train_y_misclass: 0.228466629982
	training_seconds_this_epoch: 24.4214401245
	valid_objective: 0.483391433954
	valid_y_misclass: 0.231250017881
Time this epoch: 24.432499 seconds
Monitoring step:
	Epochs seen: 5
	Batches seen: 750
	Examples seen: 75000
	learning_rate: 2.0000004497e-06
	momentum: 0.499999791384
	test_objective: 0.476463288069
	test_y_misclass: 0.222750008106
	total_seconds_last_epoch: 39.0693511963
	train_objective: 0.467125505209
	train_y_misclass: 0.221666693687
	training_seconds_this_epoch: 24.4325046539
	valid_objective: 0.47576123476
	valid_y_misclass: 0.226500034332
Time this epoch: 24.656281 seconds
Monitoring step:
	Epochs seen: 6
	Batches seen: 900
	Examples seen: 90000
	learning_rate: 2.0000004497e-06
	momentum: 0.499999791384
	test_objective: 0.471029371023
	test_y_misclass: 0.219249993563
	total_seconds_last_epoch: 39.2475738525
	train_objective: 0.459905356169
	train_y_misclass: 0.216666713357
	training_seconds_this_epoch: 24.6562900543
	valid_objective: 0.470512211323
	valid_y_misclass: 0.223000004888
Time this epoch: 24.454329 seconds
Monitoring step:
	Epochs seen: 7
	Batches seen: 1050
	Examples seen: 105000
	learning_rate: 2.0000004497e-06
	momentum: 0.499999791384
	test_objective: 0.467133611441
	test_y_misclass: 0.217250019312
	total_seconds_last_epoch: 39.4600410461
	train_objective: 0.454399228096
	train_y_misclass: 0.212866663933
	training_seconds_this_epoch: 24.4543399811
	valid_objective: 0.466738432646
	valid_y_misclass: 0.219750002027
Time this epoch: 24.424479 seconds
Monitoring step:
	Epochs seen: 8
	Batches seen: 1200
	Examples seen: 120000
	learning_rate: 2.0000004497e-06
	momentum: 0.499999791384
	test_objective: 0.464139789343
	test_y_misclass: 0.216999992728
	total_seconds_last_epoch: 39.123336792
	train_objective: 0.449932277203
	train_y_misclass: 0.210466653109
	training_seconds_this_epoch: 24.424489975
	valid_objective: 0.463837087154
	valid_y_misclass: 0.219500005245
Time this epoch: 24.426647 seconds
Monitoring step:
	Epochs seen: 9
	Batches seen: 1350
	Examples seen: 135000
	learning_rate: 2.0000004497e-06
	momentum: 0.499999791384
	test_objective: 0.461620539427
	test_y_misclass: 0.215249985456
	total_seconds_last_epoch: 39.0985145569
	train_objective: 0.446022391319
	train_y_misclass: 0.207666635513
	training_seconds_this_epoch: 24.4266490936
	valid_objective: 0.461384743452
	valid_y_misclass: 0.218500003219
Time this epoch: 24.522689 seconds
Monitoring step:
	Epochs seen: 10
	Batches seen: 1500
	Examples seen: 150000
	learning_rate: 2.0000004497e-06
	momentum: 0.499999791384
	test_objective: 0.459424674511
	test_y_misclass: 0.214250013232
	total_seconds_last_epoch: 39.1284790039
	train_objective: 0.44251948595
	train_y_misclass: 0.204933330417
	training_seconds_this_epoch: 24.5226993561
	valid_objective: 0.459270358086
	valid_y_misclass: 0.216500014067
Time this epoch: 24.432260 seconds
Monitoring step:
	Epochs seen: 11
	Batches seen: 1650
	Examples seen: 165000
	learning_rate: 2.0000004497e-06
	momentum: 0.499999791384
	test_objective: 0.457500636578
	test_y_misclass: 0.211500003934
	total_seconds_last_epoch: 39.2005958557
	train_objective: 0.439351677895
	train_y_misclass: 0.203266695142
	training_seconds_this_epoch: 24.4322719574
	valid_objective: 0.457424521446
	valid_y_misclass: 0.214250013232
Time this epoch: 24.429449 seconds
Monitoring step:
	Epochs seen: 12
	Batches seen: 1800
	Examples seen: 180000
	learning_rate: 2.0000004497e-06
	momentum: 0.499999791384
	test_objective: 0.455690056086
	test_y_misclass: 0.208500012755
	total_seconds_last_epoch: 39.0923919678
	train_objective: 0.436366587877
	train_y_misclass: 0.201466694474
	training_seconds_this_epoch: 24.4294548035
	valid_objective: 0.45570603013
	valid_y_misclass: 0.212999999523
Time this epoch: 24.476310 seconds
Monitoring step:
	Epochs seen: 13
	Batches seen: 1950
	Examples seen: 195000
	learning_rate: 2.0000004497e-06
	momentum: 0.499999791384
	test_objective: 0.454099535942
	test_y_misclass: 0.208499997854
	total_seconds_last_epoch: 39.1085853577
	train_objective: 0.433630347252
	train_y_misclass: 0.200000032783
	training_seconds_this_epoch: 24.476316452
	valid_objective: 0.454180389643
	valid_y_misclass: 0.213500007987
Time this epoch: 24.446670 seconds
Monitoring step:
	Epochs seen: 14
	Batches seen: 2100
	Examples seen: 210000
	learning_rate: 2.0000004497e-06
	momentum: 0.499999791384
	test_objective: 0.452625215054
	test_y_misclass: 0.207750022411
	total_seconds_last_epoch: 39.1441497803
	train_objective: 0.431056022644
	train_y_misclass: 0.198533341289
	training_seconds_this_epoch: 24.4466629028
	valid_objective: 0.452765971422
	valid_y_misclass: 0.212750017643
Time this epoch: 24.544106 seconds
Monitoring step:
	Epochs seen: 15
	Batches seen: 2250
	Examples seen: 225000
	learning_rate: 2.0000004497e-06
	momentum: 0.499999791384
	test_objective: 0.451320797205
	test_y_misclass: 0.20750002563
	total_seconds_last_epoch: 39.2173805237
	train_objective: 0.428676694632
	train_y_misclass: 0.196466684341
	training_seconds_this_epoch: 24.5440940857
	valid_objective: 0.451518774033
	valid_y_misclass: 0.211500033736
Time this epoch: 24.474107 seconds
Monitoring step:
	Epochs seen: 16
	Batches seen: 2400
	Examples seen: 240000
	learning_rate: 2.0000004497e-06
	momentum: 0.499999791384
	test_objective: 0.450114399195
	test_y_misclass: 0.206750035286
	total_seconds_last_epoch: 39.2049713135
	train_objective: 0.426427960396
	train_y_misclass: 0.194666698575
	training_seconds_this_epoch: 24.4741077423
	valid_objective: 0.45036432147
	valid_y_misclass: 0.211500018835
Time this epoch: 24.489733 seconds
Monitoring step:
	Epochs seen: 17
	Batches seen: 2550
	Examples seen: 255000
	learning_rate: 2.0000004497e-06
	momentum: 0.499999791384
	test_objective: 0.448916494846
	test_y_misclass: 0.206750020385
	total_seconds_last_epoch: 39.2134132385
	train_objective: 0.424232780933
	train_y_misclass: 0.193266689777
	training_seconds_this_epoch: 24.4897403717
	valid_objective: 0.449218422174
	valid_y_misclass: 0.210500016809
Time this epoch: 24.560311 seconds
Monitoring step:
	Epochs seen: 18
	Batches seen: 2700
	Examples seen: 270000
	learning_rate: 2.0000004497e-06
	momentum: 0.499999791384
	test_objective: 0.447818547487
	test_y_misclass: 0.206500008702
	total_seconds_last_epoch: 39.1469764709
	train_objective: 0.422154158354
	train_y_misclass: 0.1916000247
	training_seconds_this_epoch: 24.5603160858
	valid_objective: 0.448175758123
	valid_y_misclass: 0.210000023246
Time this epoch: 24.438182 seconds
Monitoring step:
	Epochs seen: 19
	Batches seen: 2850
	Examples seen: 285000
	learning_rate: 2.0000004497e-06
	momentum: 0.499999791384
	test_objective: 0.446814745665
	test_y_misclass: 0.20600001514
	total_seconds_last_epoch: 39.2900238037
	train_objective: 0.420184493065
	train_y_misclass: 0.190200015903
	training_seconds_this_epoch: 24.4381771088
	valid_objective: 0.447214961052
	valid_y_misclass: 0.210250034928
Time this epoch: 24.522246 seconds
Monitoring step:
	Epochs seen: 20
	Batches seen: 3000
	Examples seen: 300000
	learning_rate: 2.0000004497e-06
	momentum: 0.499999791384
	test_objective: 0.445920675993
	test_y_misclass: 0.206500038505
	total_seconds_last_epoch: 39.1022186279
	train_objective: 0.418329179287
	train_y_misclass: 0.188933342695
	training_seconds_this_epoch: 24.5222454071
	valid_objective: 0.446341216564
	valid_y_misclass: 0.210250020027
Time this epoch: 24.465210 seconds
Monitoring step:
	Epochs seen: 21
	Batches seen: 3150
	Examples seen: 315000
	learning_rate: 2.0000004497e-06
	momentum: 0.499999791384
	test_objective: 0.44506201148
	test_y_misclass: 0.205750003457
	total_seconds_last_epoch: 39.1831817627
	train_objective: 0.416536033154
	train_y_misclass: 0.187333360314
	training_seconds_this_epoch: 24.4652023315
	valid_objective: 0.445510029793
	valid_y_misclass: 0.209500029683
Time this epoch: 24.515609 seconds
Monitoring step:
	Epochs seen: 22
	Batches seen: 3300
	Examples seen: 330000
	learning_rate: 2.0000004497e-06
	momentum: 0.499999791384
	test_objective: 0.444236904383
	test_y_misclass: 0.204500004649
	total_seconds_last_epoch: 39.1646728516
	train_objective: 0.414814919233
	train_y_misclass: 0.185800045729
	training_seconds_this_epoch: 24.5156097412
	valid_objective: 0.444720417261
	valid_y_misclass: 0.209500044584
Time this epoch: 24.516016 seconds
Monitoring step:
	Epochs seen: 23
	Batches seen: 3450
	Examples seen: 345000
	learning_rate: 2.0000004497e-06
	momentum: 0.499999791384
	test_objective: 0.443451225758
	test_y_misclass: 0.204499989748
	total_seconds_last_epoch: 39.1922149658
	train_objective: 0.413139671087
	train_y_misclass: 0.184800058603
	training_seconds_this_epoch: 24.5160102844
	valid_objective: 0.443972021341
	valid_y_misclass: 0.208500012755
Time this epoch: 24.496155 seconds
Monitoring step:
	Epochs seen: 24
	Batches seen: 3600
	Examples seen: 360000
	learning_rate: 2.0000004497e-06
	momentum: 0.499999791384
	test_objective: 0.442693173885
	test_y_misclass: 0.202999994159
	total_seconds_last_epoch: 39.2087860107
	train_objective: 0.411512136459
	train_y_misclass: 0.184133425355
	training_seconds_this_epoch: 24.4961547852
	valid_objective: 0.443245828152
	valid_y_misclass: 0.208749994636
Time this epoch: 24.473312 seconds
Monitoring step:
	Epochs seen: 25
	Batches seen: 3750
	Examples seen: 375000
	learning_rate: 2.0000004497e-06
	momentum: 0.499999791384
	test_objective: 0.442002207041
	test_y_misclass: 0.202249988914
	total_seconds_last_epoch: 39.1492195129
	train_objective: 0.409956037998
	train_y_misclass: 0.183266744018
	training_seconds_this_epoch: 24.4733200073
	valid_objective: 0.442587405443
	valid_y_misclass: 0.208750009537
Time this epoch: 24.500120 seconds
Monitoring step:
	Epochs seen: 26
	Batches seen: 3900
	Examples seen: 390000
	learning_rate: 2.0000004497e-06
	momentum: 0.499999791384
	test_objective: 0.441322743893
	test_y_misclass: 0.201999992132
	total_seconds_last_epoch: 39.1331443787
	train_objective: 0.408429652452
	train_y_misclass: 0.183066755533
	training_seconds_this_epoch: 24.500120163
	valid_objective: 0.441941291094
	valid_y_misclass: 0.209250032902
Time this epoch: 24.600037 seconds
Monitoring step:
	Epochs seen: 27
	Batches seen: 4050
	Examples seen: 405000
	learning_rate: 2.0000004497e-06
	momentum: 0.499999791384
	test_objective: 0.4407081604
	test_y_misclass: 0.201749995351
	total_seconds_last_epoch: 39.17786026
	train_objective: 0.406961381435
	train_y_misclass: 0.182333424687
	training_seconds_this_epoch: 24.6000442505
	valid_objective: 0.44134747982
	valid_y_misclass: 0.209250018001
Time this epoch: 24.463108 seconds
Monitoring step:
	Epochs seen: 28
	Batches seen: 4200
	Examples seen: 420000
	learning_rate: 2.0000004497e-06
	momentum: 0.499999791384
	test_objective: 0.440127193928
	test_y_misclass: 0.201499983668
	total_seconds_last_epoch: 39.4128379822
	train_objective: 0.405536741018
	train_y_misclass: 0.181600093842
	training_seconds_this_epoch: 24.4631137848
	valid_objective: 0.440782278776
	valid_y_misclass: 0.208750024438
Time this epoch: 24.564096 seconds
Monitoring step:
	Epochs seen: 29
	Batches seen: 4350
	Examples seen: 435000
	learning_rate: 2.0000004497e-06
	momentum: 0.499999791384
	test_objective: 0.439554363489
	test_y_misclass: 0.200499996543
	total_seconds_last_epoch: 39.1230278015
	train_objective: 0.404130280018
	train_y_misclass: 0.180466726422
	training_seconds_this_epoch: 24.5641078949
	valid_objective: 0.440218746662
	valid_y_misclass: 0.20750002563
Time this epoch: 24.456446 seconds
Monitoring step:
	Epochs seen: 30
	Batches seen: 4500
	Examples seen: 450000
	learning_rate: 2.0000004497e-06
	momentum: 0.499999791384
	test_objective: 0.438943982124
	test_y_misclass: 0.20024998486
	total_seconds_last_epoch: 39.2889556885
	train_objective: 0.402708500624
	train_y_misclass: 0.179800033569
	training_seconds_this_epoch: 24.4564571381
	valid_objective: 0.439631074667
	valid_y_misclass: 0.206750035286
Time this epoch: 24.428207 seconds
Monitoring step:
	Epochs seen: 31
	Batches seen: 4650
	Examples seen: 465000
	learning_rate: 2.0000004497e-06
	momentum: 0.499999791384
	test_objective: 0.43841278553
	test_y_misclass: 0.200999975204
	total_seconds_last_epoch: 39.1535339355
	train_objective: 0.401359081268
	train_y_misclass: 0.17913338542
	training_seconds_this_epoch: 24.4281997681
	valid_objective: 0.439115852118
	valid_y_misclass: 0.206750035286
Time this epoch: 24.446638 seconds
Monitoring step:
	Epochs seen: 32
	Batches seen: 4800
	Examples seen: 480000
	learning_rate: 2.0000004497e-06
	momentum: 0.499999791384
	test_objective: 0.437915802002
	test_y_misclass: 0.199999988079
	total_seconds_last_epoch: 39.0837669373
	train_objective: 0.400052636862
	train_y_misclass: 0.178200051188
	training_seconds_this_epoch: 24.4466381073
	valid_objective: 0.438627570868
	valid_y_misclass: 0.207500055432
Time this epoch: 24.431379 seconds
Monitoring step:
	Epochs seen: 33
	Batches seen: 4950
	Examples seen: 495000
	learning_rate: 2.0000004497e-06
	momentum: 0.499999791384
	test_objective: 0.437423735857
	test_y_misclass: 0.199999988079
	total_seconds_last_epoch: 39.1049079895
	train_objective: 0.39876011014
	train_y_misclass: 0.176800072193
	training_seconds_this_epoch: 24.4313793182
	valid_objective: 0.438140034676
	valid_y_misclass: 0.20700006187
Time this epoch: 24.431580 seconds
Monitoring step:
	Epochs seen: 34
	Batches seen: 5100
	Examples seen: 510000
	learning_rate: 2.0000004497e-06
	momentum: 0.499999791384
	test_objective: 0.436952829361
	test_y_misclass: 0.20000000298
	total_seconds_last_epoch: 39.3648834229
	train_objective: 0.397512286901
	train_y_misclass: 0.176600068808
	training_seconds_this_epoch: 24.4315872192
	valid_objective: 0.437686949968
	valid_y_misclass: 0.206000044942
Time this epoch: 24.513355 seconds
Monitoring step:
	Epochs seen: 35
	Batches seen: 5250
	Examples seen: 525000
	learning_rate: 2.0000004497e-06
	momentum: 0.499999791384
	test_objective: 0.436514109373
	test_y_misclass: 0.199749991298
	total_seconds_last_epoch: 39.1001739502
	train_objective: 0.396279126406
	train_y_misclass: 0.175666719675
	training_seconds_this_epoch: 24.5133457184
	valid_objective: 0.437261164188
	valid_y_misclass: 0.206000044942
Time this epoch: 24.520102 seconds
Monitoring step:
	Epochs seen: 36
	Batches seen: 5400
	Examples seen: 540000
	learning_rate: 2.0000004497e-06
	momentum: 0.499999791384
	test_objective: 0.436106234789
	test_y_misclass: 0.199249982834
	total_seconds_last_epoch: 39.1930541992
	train_objective: 0.395079910755
	train_y_misclass: 0.17520006001
	training_seconds_this_epoch: 24.5201091766
	valid_objective: 0.43685516715
	valid_y_misclass: 0.206500038505
Time this epoch: 24.807192 seconds
Monitoring step:
	Epochs seen: 37
	Batches seen: 5550
	Examples seen: 555000
	learning_rate: 2.0000004497e-06
	momentum: 0.499999791384
	test_objective: 0.435676604509
	test_y_misclass: 0.199499994516
	total_seconds_last_epoch: 39.1893005371
	train_objective: 0.393880039454
	train_y_misclass: 0.174600049853
	training_seconds_this_epoch: 24.8071994781
	valid_objective: 0.43643450737
	valid_y_misclass: 0.206500038505
Time this epoch: 24.561514 seconds
Monitoring step:
	Epochs seen: 38
	Batches seen: 5700
	Examples seen: 570000
	learning_rate: 2.0000004497e-06
	momentum: 0.499999791384
	test_objective: 0.435288667679
	test_y_misclass: 0.199499979615
	total_seconds_last_epoch: 39.4575004578
	train_objective: 0.392712086439
	train_y_misclass: 0.173866719007
	training_seconds_this_epoch: 24.5615196228
	valid_objective: 0.436048805714
	valid_y_misclass: 0.207000032067
Time this epoch: 24.637483 seconds
Monitoring step:
	Epochs seen: 39
	Batches seen: 5850
	Examples seen: 585000
	learning_rate: 2.0000004497e-06
	momentum: 0.499999791384
	test_objective: 0.434906721115
	test_y_misclass: 0.199249982834
	total_seconds_last_epoch: 39.2308959961
	train_objective: 0.391558885574
	train_y_misclass: 0.173533380032
	training_seconds_this_epoch: 24.6374740601
	valid_objective: 0.43566930294
	valid_y_misclass: 0.207500040531
Time this epoch: 24.471486 seconds
Monitoring step:
	Epochs seen: 40
	Batches seen: 6000
	Examples seen: 600000
	learning_rate: 2.0000004497e-06
	momentum: 0.499999791384
	test_objective: 0.434483289719
	test_y_misclass: 0.19874997437
	total_seconds_last_epoch: 39.3152008057
	train_objective: 0.390382528305
	train_y_misclass: 0.173400044441
	training_seconds_this_epoch: 24.47149086
	valid_objective: 0.435245096684
	valid_y_misclass: 0.207250028849
Time this epoch: 24.706747 seconds
Monitoring step:
	Epochs seen: 41
	Batches seen: 6150
	Examples seen: 615000
	learning_rate: 2.0000004497e-06
	momentum: 0.499999791384
	test_objective: 0.434042751789
	test_y_misclass: 0.197999984026
	total_seconds_last_epoch: 39.1163063049
	train_objective: 0.389236569405
	train_y_misclass: 0.172533363104
	training_seconds_this_epoch: 24.7067451477
	valid_objective: 0.434827744961
	valid_y_misclass: 0.207250028849
Time this epoch: 24.463599 seconds
Monitoring step:
	Epochs seen: 42
	Batches seen: 6300
	Examples seen: 630000
	learning_rate: 2.0000004497e-06
	momentum: 0.499999791384
	test_objective: 0.433656036854
	test_y_misclass: 0.197999984026
	total_seconds_last_epoch: 39.5552101135
	train_objective: 0.388100236654
	train_y_misclass: 0.17246671021
	training_seconds_this_epoch: 24.463596344
	valid_objective: 0.434448182583
	valid_y_misclass: 0.207000032067
Time this epoch: 24.506740 seconds
Monitoring step:
	Epochs seen: 43
	Batches seen: 6450
	Examples seen: 645000
	learning_rate: 2.0000004497e-06
	momentum: 0.499999791384
	test_objective: 0.433290868998
	test_y_misclass: 0.198249980807
	total_seconds_last_epoch: 39.1210784912
	train_objective: 0.386987894773
	train_y_misclass: 0.172400057316
	training_seconds_this_epoch: 24.5067520142
	valid_objective: 0.434079170227
	valid_y_misclass: 0.207000032067
Time this epoch: 24.435552 seconds
Monitoring step:
	Epochs seen: 44
	Batches seen: 6600
	Examples seen: 660000
	learning_rate: 2.0000004497e-06
	momentum: 0.499999791384
	test_objective: 0.43295109272
	test_y_misclass: 0.198249980807
	total_seconds_last_epoch: 39.4298858643
	train_objective: 0.385896891356
	train_y_misclass: 0.172000050545
	training_seconds_this_epoch: 24.4355583191
	valid_objective: 0.433740675449
	valid_y_misclass: 0.207000032067
Time this epoch: 24.407841 seconds
Monitoring step:
	Epochs seen: 45
	Batches seen: 6750
	Examples seen: 675000
	learning_rate: 2.0000004497e-06
	momentum: 0.499999791384
	test_objective: 0.432614952326
	test_y_misclass: 0.197499990463
	total_seconds_last_epoch: 39.086971283
	train_objective: 0.384818077087
	train_y_misclass: 0.171733394265
	training_seconds_this_epoch: 24.407831192
	valid_objective: 0.433404833078
	valid_y_misclass: 0.207000032067
Time this epoch: 24.418044 seconds
Monitoring step:
	Epochs seen: 46
	Batches seen: 6900
	Examples seen: 690000
	learning_rate: 2.0000004497e-06
	momentum: 0.499999791384
	test_objective: 0.432288140059
	test_y_misclass: 0.198499977589
	total_seconds_last_epoch: 39.067855835
	train_objective: 0.383750766516
	train_y_misclass: 0.171133384109
	training_seconds_this_epoch: 24.4180355072
	valid_objective: 0.43307814002
	valid_y_misclass: 0.208000034094
Time this epoch: 24.404063 seconds
Monitoring step:
	Epochs seen: 47
	Batches seen: 7050
	Examples seen: 705000
	learning_rate: 2.0000004497e-06
	momentum: 0.499999791384
	test_objective: 0.431971222162
	test_y_misclass: 0.198499977589
	total_seconds_last_epoch: 39.0677490234
	train_objective: 0.382696628571
	train_y_misclass: 0.170466721058
	training_seconds_this_epoch: 24.4040660858
	valid_objective: 0.432759493589
	valid_y_misclass: 0.208000019193
Time this epoch: 24.408680 seconds
Monitoring step:
	Epochs seen: 48
	Batches seen: 7200
	Examples seen: 720000
	learning_rate: 2.0000004497e-06
	momentum: 0.499999791384
	test_objective: 0.431613892317
	test_y_misclass: 0.19874997437
	total_seconds_last_epoch: 39.0522155762
	train_objective: 0.381620585918
	train_y_misclass: 0.170000046492
	training_seconds_this_epoch: 24.4086704254
	valid_objective: 0.43239814043
	valid_y_misclass: 0.208250030875
Time this epoch: 24.410349 seconds
Monitoring step:
	Epochs seen: 49
	Batches seen: 7350
	Examples seen: 735000
	learning_rate: 2.0000004497e-06
	momentum: 0.499999791384
	test_objective: 0.431251555681
	test_y_misclass: 0.19874997437
	total_seconds_last_epoch: 39.0519256592
	train_objective: 0.380547165871
	train_y_misclass: 0.169800043106
	training_seconds_this_epoch: 24.4103431702
	valid_objective: 0.432034879923
	valid_y_misclass: 0.207250028849
Time this epoch: 24.487692 seconds
Monitoring step:
	Epochs seen: 50
	Batches seen: 7500
	Examples seen: 750000
	learning_rate: 2.0000004497e-06
	momentum: 0.499999791384
	test_objective: 0.430932790041
	test_y_misclass: 0.19874997437
	total_seconds_last_epoch: 39.2733306885
	train_objective: 0.379504740238
	train_y_misclass: 0.169333383441
	training_seconds_this_epoch: 24.4876880646
	valid_objective: 0.431713044643
	valid_y_misclass: 0.207250028849
Time this epoch: 24.400786 seconds
Monitoring step:
	Epochs seen: 51
	Batches seen: 7650
	Examples seen: 765000
	learning_rate: 2.0000004497e-06
	momentum: 0.499999791384
	test_objective: 0.430631965399
	test_y_misclass: 0.197999984026
	total_seconds_last_epoch: 39.1253204346
	train_objective: 0.378482967615
	train_y_misclass: 0.16866672039
	training_seconds_this_epoch: 24.4007854462
	valid_objective: 0.431409746408
	valid_y_misclass: 0.20750002563
Time this epoch: 24.427411 seconds
Monitoring step:
	Epochs seen: 52
	Batches seen: 7800
	Examples seen: 780000
	learning_rate: 2.0000004497e-06
	momentum: 0.499999791384
	test_objective: 0.430340528488
	test_y_misclass: 0.198749989271
	total_seconds_last_epoch: 39.0573158264
	train_objective: 0.377474427223
	train_y_misclass: 0.168000042439
	training_seconds_this_epoch: 24.4274120331
	valid_objective: 0.431114971638
	valid_y_misclass: 0.20750002563
Time this epoch: 24.398744 seconds
Monitoring step:
	Epochs seen: 53
	Batches seen: 7950
	Examples seen: 795000
	learning_rate: 2.0000004497e-06
	momentum: 0.499999791384
	test_objective: 0.430060356855
	test_y_misclass: 0.198999971151
	total_seconds_last_epoch: 39.0673789978
	train_objective: 0.376478791237
	train_y_misclass: 0.167400062084
	training_seconds_this_epoch: 24.398733139
	valid_objective: 0.430829465389
	valid_y_misclass: 0.207750037313
Time this epoch: 24.442198 seconds
Monitoring step:
	Epochs seen: 54
	Batches seen: 8100
	Examples seen: 810000
	learning_rate: 2.0000004497e-06
	momentum: 0.499999791384
	test_objective: 0.429793745279
	test_y_misclass: 0.198999971151
	total_seconds_last_epoch: 39.044052124
	train_objective: 0.375496715307
	train_y_misclass: 0.166533395648
	training_seconds_this_epoch: 24.4422092438
	valid_objective: 0.430554449558
	valid_y_misclass: 0.207000046968
Time this epoch: 24.398967 seconds
Monitoring step:
	Epochs seen: 55
	Batches seen: 8250
	Examples seen: 825000
	learning_rate: 2.0000004497e-06
	momentum: 0.499999791384
	test_objective: 0.429532885551
	test_y_misclass: 0.197999984026
	total_seconds_last_epoch: 39.0760688782
	train_objective: 0.374522954226
	train_y_misclass: 0.165866732597
	training_seconds_this_epoch: 24.3989620209
	valid_objective: 0.430284380913
	valid_y_misclass: 0.206750050187
Time this epoch: 24.398632 seconds
Monitoring step:
	Epochs seen: 56
	Batches seen: 8400
	Examples seen: 840000
	learning_rate: 2.0000004497e-06
	momentum: 0.499999791384
	test_objective: 0.429207891226
	test_y_misclass: 0.197999984026
	total_seconds_last_epoch: 39.0440330505
	train_objective: 0.373527675867
	train_y_misclass: 0.165333390236
	training_seconds_this_epoch: 24.3986434937
	valid_objective: 0.429964244366
	valid_y_misclass: 0.206750050187
Time this epoch: 24.461872 seconds
Monitoring step:
	Epochs seen: 57
	Batches seen: 8550
	Examples seen: 855000
	learning_rate: 2.0000004497e-06
	momentum: 0.499999791384
	test_objective: 0.428916722536
	test_y_misclass: 0.197749972343
	total_seconds_last_epoch: 39.0368766785
	train_objective: 0.372549414635
	train_y_misclass: 0.164400056005
	training_seconds_this_epoch: 24.4618778229
	valid_objective: 0.429662495852
	valid_y_misclass: 0.206500038505
Time this epoch: 24.615743 seconds
Monitoring step:
	Epochs seen: 58
	Batches seen: 8700
	Examples seen: 870000
	learning_rate: 2.0000004497e-06
	momentum: 0.499999791384
	test_objective: 0.428649783134
	test_y_misclass: 0.197749972343
	total_seconds_last_epoch: 39.0922660828
	train_objective: 0.371585071087
	train_y_misclass: 0.163866713643
	training_seconds_this_epoch: 24.6157302856
	valid_objective: 0.429388940334
	valid_y_misclass: 0.206000059843
Time this epoch: 24.534216 seconds
Monitoring step:
	Epochs seen: 59
	Batches seen: 8850
	Examples seen: 885000
	learning_rate: 2.0000004497e-06
	momentum: 0.499999791384
	test_objective: 0.428390443325
	test_y_misclass: 0.19849999249
	total_seconds_last_epoch: 39.4271888733
	train_objective: 0.370630323887
	train_y_misclass: 0.163400039077
	training_seconds_this_epoch: 24.5342235565
	valid_objective: 0.429123103619
	valid_y_misclass: 0.205500051379
Time this epoch: 24.420524 seconds
Monitoring step:
	Epochs seen: 60
	Batches seen: 9000
	Examples seen: 900000
	learning_rate: 2.0000004497e-06
	momentum: 0.499999791384
	test_objective: 0.428134977818
	test_y_misclass: 0.197999984026
	total_seconds_last_epoch: 39.1946258545
	train_objective: 0.369682252407
	train_y_misclass: 0.162600025535
	training_seconds_this_epoch: 24.4205284119
	valid_objective: 0.428860634565
	valid_y_misclass: 0.204750061035
Time this epoch: 24.534986 seconds
Monitoring step:
	Epochs seen: 61
	Batches seen: 9150
	Examples seen: 915000
	learning_rate: 2.0000004497e-06
	momentum: 0.499999791384
	test_objective: 0.427880883217
	test_y_misclass: 0.197999984026
	total_seconds_last_epoch: 39.0614356995
	train_objective: 0.368739575148
	train_y_misclass: 0.162533357739
	training_seconds_this_epoch: 24.534986496
	valid_objective: 0.428599059582
	valid_y_misclass: 0.204500049353
Time this epoch: 24.442338 seconds
Monitoring step:
	Epochs seen: 62
	Batches seen: 9300
	Examples seen: 930000
	learning_rate: 2.0000004497e-06
	momentum: 0.499999791384
	test_objective: 0.427623778582
	test_y_misclass: 0.197749987245
	total_seconds_last_epoch: 39.2046661377
	train_objective: 0.367798626423
	train_y_misclass: 0.162133350968
	training_seconds_this_epoch: 24.4423446655
	valid_objective: 0.428334027529
	valid_y_misclass: 0.204500049353
Time this epoch: 24.408620 seconds
Monitoring step:
	Epochs seen: 63
	Batches seen: 9450
	Examples seen: 945000
	learning_rate: 2.0000004497e-06
	momentum: 0.499999791384
	test_objective: 0.427367836237
	test_y_misclass: 0.197249993682
	total_seconds_last_epoch: 39.1072044373
	train_objective: 0.366862148046
	train_y_misclass: 0.161533355713
	training_seconds_this_epoch: 24.4086265564
	valid_objective: 0.428071409464
	valid_y_misclass: 0.203750029206
Time this epoch: 24.420632 seconds
Monitoring step:
	Epochs seen: 64
	Batches seen: 9600
	Examples seen: 960000
	learning_rate: 2.0000004497e-06
	momentum: 0.499999791384
	test_objective: 0.427117586136
	test_y_misclass: 0.197500005364
	total_seconds_last_epoch: 39.0371742249
	train_objective: 0.365934669971
	train_y_misclass: 0.161400020123
	training_seconds_this_epoch: 24.4206256866
	valid_objective: 0.42781534791
	valid_y_misclass: 0.203500032425
Time this epoch: 24.426416 seconds
Monitoring step:
	Epochs seen: 65
	Batches seen: 9750
	Examples seen: 975000
	learning_rate: 2.0000004497e-06
	momentum: 0.499999791384
	test_objective: 0.42687189579
	test_y_misclass: 0.197249993682
	total_seconds_last_epoch: 39.057308197
	train_objective: 0.365015238523
	train_y_misclass: 0.161000013351
	training_seconds_this_epoch: 24.4264202118
	valid_objective: 0.427563995123
	valid_y_misclass: 0.203250020742
Time this epoch: 24.449282 seconds
Monitoring step:
	Epochs seen: 66
	Batches seen: 9900
	Examples seen: 990000
	learning_rate: 2.0000004497e-06
	momentum: 0.499999791384
	test_objective: 0.42662486434
	test_y_misclass: 0.197999984026
	total_seconds_last_epoch: 39.0851402283
	train_objective: 0.364100277424
	train_y_misclass: 0.160800024867
	training_seconds_this_epoch: 24.4492874146
	valid_objective: 0.427308708429
	valid_y_misclass: 0.203250020742
Time this epoch: 24.459559 seconds
Monitoring step:
	Epochs seen: 67
	Batches seen: 10050
	Examples seen: 1005000
	learning_rate: 2.0000004497e-06
	momentum: 0.499999791384
	test_objective: 0.426354289055
	test_y_misclass: 0.197749987245
	total_seconds_last_epoch: 39.0837135315
	train_objective: 0.363174676895
	train_y_misclass: 0.160400003195
	training_seconds_this_epoch: 24.4595527649
	valid_objective: 0.427033632994
	valid_y_misclass: 0.203250020742
Time this epoch: 24.450325 seconds
Monitoring step:
	Epochs seen: 68
	Batches seen: 10200
	Examples seen: 1020000
	learning_rate: 2.0000004497e-06
	momentum: 0.499999791384
	test_objective: 0.42609256506
	test_y_misclass: 0.197249978781
	total_seconds_last_epoch: 39.1107215881
	train_objective: 0.362250298262
	train_y_misclass: 0.160000011325
	training_seconds_this_epoch: 24.4503211975
	valid_objective: 0.426765680313
	valid_y_misclass: 0.203250020742
Time this epoch: 24.542407 seconds
Monitoring step:
	Epochs seen: 69
	Batches seen: 10350
	Examples seen: 1035000
	learning_rate: 2.0000004497e-06
	momentum: 0.499999791384
	test_objective: 0.425830841064
	test_y_misclass: 0.196749955416
	total_seconds_last_epoch: 39.0971412659
	train_objective: 0.3613294065
	train_y_misclass: 0.15953335166
	training_seconds_this_epoch: 24.5423946381
	valid_objective: 0.426499217749
	valid_y_misclass: 0.20300000906
Time this epoch: 24.530919 seconds
Monitoring step:
	Epochs seen: 70
	Batches seen: 10500
	Examples seen: 1050000
	learning_rate: 2.0000004497e-06
	momentum: 0.499999791384
	test_objective: 0.425574183464
	test_y_misclass: 0.197499975562
	total_seconds_last_epoch: 39.1906776428
	train_objective: 0.360415905714
	train_y_misclass: 0.159400001168
	training_seconds_this_epoch: 24.5309238434
	valid_objective: 0.426238179207
	valid_y_misclass: 0.202500015497
Time this epoch: 24.659445 seconds
Monitoring step:
	Epochs seen: 71
	Batches seen: 10650
	Examples seen: 1065000
	learning_rate: 2.0000004497e-06
	momentum: 0.499999791384
	test_objective: 0.425316393375
	test_y_misclass: 0.197499975562
	total_seconds_last_epoch: 39.6149291992
	train_objective: 0.359518617392
	train_y_misclass: 0.158933341503
	training_seconds_this_epoch: 24.6594429016
	valid_objective: 0.425978094339
	valid_y_misclass: 0.202250018716
Time this epoch: 24.509511 seconds
Monitoring step:
	Epochs seen: 72
	Batches seen: 10800
	Examples seen: 1080000
	learning_rate: 2.0000004497e-06
	momentum: 0.499999791384
	test_objective: 0.425060331821
	test_y_misclass: 0.196999967098
	total_seconds_last_epoch: 39.3077049255
	train_objective: 0.358616501093
	train_y_misclass: 0.158399999142
	training_seconds_this_epoch: 24.5095081329
	valid_objective: 0.425719559193
	valid_y_misclass: 0.202000021935
Time this epoch: 24.400987 seconds
Monitoring step:
	Epochs seen: 73
	Batches seen: 10950
	Examples seen: 1095000
	learning_rate: 2.0000004497e-06
	momentum: 0.499999791384
	test_objective: 0.424815565348
	test_y_misclass: 0.197249978781
	total_seconds_last_epoch: 39.1385803223
	train_objective: 0.35772100091
	train_y_misclass: 0.158200010657
	training_seconds_this_epoch: 24.4009933472
	valid_objective: 0.425471246243
	valid_y_misclass: 0.202250018716
Time this epoch: 24.498494 seconds
Monitoring step:
	Epochs seen: 74
	Batches seen: 11100
	Examples seen: 1110000
	learning_rate: 2.0000004497e-06
	momentum: 0.499999791384
	test_objective: 0.42456561327
	test_y_misclass: 0.197499975562
	total_seconds_last_epoch: 39.0327415466
	train_objective: 0.356827199459
	train_y_misclass: 0.157866671681
	training_seconds_this_epoch: 24.4984989166
	valid_objective: 0.425218492746
	valid_y_misclass: 0.201500028372
Time this epoch: 24.411633 seconds
Monitoring step:
	Epochs seen: 75
	Batches seen: 11250
	Examples seen: 1125000
	learning_rate: 2.0000004497e-06
	momentum: 0.499999791384
	test_objective: 0.424301147461
	test_y_misclass: 0.196999981999
	total_seconds_last_epoch: 39.1210784912
	train_objective: 0.355931699276
	train_y_misclass: 0.157533332705
	training_seconds_this_epoch: 24.4116268158
	valid_objective: 0.424951553345
	valid_y_misclass: 0.20125003159
Time this epoch: 24.527734 seconds
Monitoring step:
	Epochs seen: 76
	Batches seen: 11400
	Examples seen: 1140000
	learning_rate: 2.0000004497e-06
	momentum: 0.499999791384
	test_objective: 0.424046427011
	test_y_misclass: 0.196749985218
	total_seconds_last_epoch: 39.0460166931
	train_objective: 0.355041146278
	train_y_misclass: 0.157133340836
	training_seconds_this_epoch: 24.5277385712
	valid_objective: 0.424693435431
	valid_y_misclass: 0.20125003159
Time this epoch: 24.408780 seconds
Monitoring step:
	Epochs seen: 77
	Batches seen: 11550
	Examples seen: 1155000
	learning_rate: 2.0000004497e-06
	momentum: 0.499999791384
	test_objective: 0.423769205809
	test_y_misclass: 0.196749985218
	total_seconds_last_epoch: 39.1667327881
	train_objective: 0.354147285223
	train_y_misclass: 0.15680000186
	training_seconds_this_epoch: 24.4087905884
	valid_objective: 0.424411207438
	valid_y_misclass: 0.201000034809
Time this epoch: 24.697354 seconds
Monitoring step:
	Epochs seen: 78
	Batches seen: 11700
	Examples seen: 1170000
	learning_rate: 2.0000004497e-06
	momentum: 0.499999791384
	test_objective: 0.423519432545
	test_y_misclass: 0.196749985218
	total_seconds_last_epoch: 39.031539917
	train_objective: 0.353265792131
	train_y_misclass: 0.155866637826
	training_seconds_this_epoch: 24.697347641
	valid_objective: 0.424157619476
	valid_y_misclass: 0.200750008225
Time this epoch: 24.487125 seconds
Monitoring step:
	Epochs seen: 79
	Batches seen: 11850
	Examples seen: 1185000
	learning_rate: 2.0000004497e-06
	momentum: 0.499999791384
	test_objective: 0.423270761967
	test_y_misclass: 0.196749985218
	total_seconds_last_epoch: 39.3354644775
	train_objective: 0.352387338877
	train_y_misclass: 0.155533313751
	training_seconds_this_epoch: 24.4871311188
	valid_objective: 0.423908680677
	valid_y_misclass: 0.200500011444
Time this epoch: 24.476984 seconds
Monitoring step:
	Epochs seen: 80
	Batches seen: 12000
	Examples seen: 1200000
	learning_rate: 2.0000004497e-06
	momentum: 0.499999791384
	test_objective: 0.423014909029
	test_y_misclass: 0.196749985218
	total_seconds_last_epoch: 39.1136283875
	train_objective: 0.35150873661
	train_y_misclass: 0.154933318496
	training_seconds_this_epoch: 24.4769859314
	valid_objective: 0.423653572798
	valid_y_misclass: 0.200250029564
Time this epoch: 24.652463 seconds
Monitoring step:
	Epochs seen: 81
	Batches seen: 12150
	Examples seen: 1215000
	learning_rate: 2.0000004497e-06
	momentum: 0.499999791384
	test_objective: 0.422748118639
	test_y_misclass: 0.196749985218
	total_seconds_last_epoch: 39.1089439392
	train_objective: 0.350634485483
	train_y_misclass: 0.15473331511
	training_seconds_this_epoch: 24.6524753571
	valid_objective: 0.423378825188
	valid_y_misclass: 0.199250027537
Time this epoch: 24.422734 seconds
Monitoring step:
	Epochs seen: 82
	Batches seen: 12300
	Examples seen: 1230000
	learning_rate: 2.0000004497e-06
	momentum: 0.499999791384
	test_objective: 0.422456711531
	test_y_misclass: 0.197499990463
	total_seconds_last_epoch: 39.3049049377
	train_objective: 0.349734067917
	train_y_misclass: 0.154266640544
	training_seconds_this_epoch: 24.4227390289
	valid_objective: 0.423087090254
	valid_y_misclass: 0.199000045657
Time this epoch: 24.409912 seconds
Monitoring step:
	Epochs seen: 83
	Batches seen: 12450
	Examples seen: 1245000
	learning_rate: 2.0000004497e-06
	momentum: 0.499999791384
	test_objective: 0.422204077244
	test_y_misclass: 0.197499990463
	total_seconds_last_epoch: 39.0634117126
	train_objective: 0.348880529404
	train_y_misclass: 0.153733298182
	training_seconds_this_epoch: 24.4099197388
	valid_objective: 0.422833800316
	valid_y_misclass: 0.198750033975
Time this epoch: 24.412767 seconds
Monitoring step:
	Epochs seen: 84
	Batches seen: 12600
	Examples seen: 1260000
	learning_rate: 2.0000004497e-06
	momentum: 0.499999791384
	test_objective: 0.421960234642
	test_y_misclass: 0.197499990463
	total_seconds_last_epoch: 39.0363960266
	train_objective: 0.348017245531
	train_y_misclass: 0.153199970722
	training_seconds_this_epoch: 24.4127674103
	valid_objective: 0.422592401505
	valid_y_misclass: 0.198500052094
Time this epoch: 24.748840 seconds
Monitoring step:
	Epochs seen: 85
	Batches seen: 12750
	Examples seen: 1275000
	learning_rate: 2.0000004497e-06
	momentum: 0.499999791384
	test_objective: 0.421708703041
	test_y_misclass: 0.197499975562
	total_seconds_last_epoch: 39.04164505
	train_objective: 0.34715667367
	train_y_misclass: 0.152733296156
	training_seconds_this_epoch: 24.748840332
	valid_objective: 0.422344714403
	valid_y_misclass: 0.198500037193
Time this epoch: 24.473155 seconds
Monitoring step:
	Epochs seen: 86
	Batches seen: 12900
	Examples seen: 1290000
	learning_rate: 2.0000004497e-06
	momentum: 0.499999791384
	test_objective: 0.421465069056
	test_y_misclass: 0.19724996388
	total_seconds_last_epoch: 39.4004859924
	train_objective: 0.346301436424
	train_y_misclass: 0.15239995718
	training_seconds_this_epoch: 24.4731655121
	valid_objective: 0.422100931406
	valid_y_misclass: 0.198250025511
Time this epoch: 24.641564 seconds
Monitoring step:
	Epochs seen: 87
	Batches seen: 13050
	Examples seen: 1305000
	learning_rate: 2.0000004497e-06
	momentum: 0.499999791384
	test_objective: 0.421218931675
	test_y_misclass: 0.196749970317
	total_seconds_last_epoch: 39.1005516052
	train_objective: 0.34543839097
	train_y_misclass: 0.151466622949
	training_seconds_this_epoch: 24.6415691376
	valid_objective: 0.421854764223
	valid_y_misclass: 0.198250025511
Time this epoch: 24.499554 seconds
Monitoring step:
	Epochs seen: 88
	Batches seen: 13200
	Examples seen: 1320000
	learning_rate: 2.0000004497e-06
	momentum: 0.499999791384
	test_objective: 0.420966058969
	test_y_misclass: 0.195499971509
	total_seconds_last_epoch: 39.2774810791
	train_objective: 0.344583719969
	train_y_misclass: 0.151133283973
	training_seconds_this_epoch: 24.4995632172
	valid_objective: 0.421596467495
	valid_y_misclass: 0.198000013828
Time this epoch: 24.419623 seconds
Monitoring step:
	Epochs seen: 89
	Batches seen: 13350
	Examples seen: 1335000
	learning_rate: 2.0000004497e-06
	momentum: 0.499999791384
	test_objective: 0.420723080635
	test_y_misclass: 0.194999977946
	total_seconds_last_epoch: 39.1352996826
	train_objective: 0.343728423119
	train_y_misclass: 0.150466606021
	training_seconds_this_epoch: 24.4196300507
	valid_objective: 0.421356111765
	valid_y_misclass: 0.198000013828
Time this epoch: 24.635240 seconds
Monitoring step:
	Epochs seen: 90
	Batches seen: 13500
	Examples seen: 1350000
	learning_rate: 2.0000004497e-06
	momentum: 0.499999791384
	test_objective: 0.420446425676
	test_y_misclass: 0.19399997592
	total_seconds_last_epoch: 39.047542572
	train_objective: 0.342854529619
	train_y_misclass: 0.149933263659
	training_seconds_this_epoch: 24.6352405548
	valid_objective: 0.421086877584
	valid_y_misclass: 0.198000013828
Time this epoch: 24.504267 seconds
Monitoring step:
	Epochs seen: 91
	Batches seen: 13650
	Examples seen: 1365000
	learning_rate: 2.0000004497e-06
	momentum: 0.499999791384
	test_objective: 0.420207023621
	test_y_misclass: 0.19399997592
	total_seconds_last_epoch: 39.2616157532
	train_objective: 0.342002362013
	train_y_misclass: 0.149466603994
	training_seconds_this_epoch: 24.5042610168
	valid_objective: 0.420853048563
	valid_y_misclass: 0.197500035167
Time this epoch: 24.451393 seconds
Monitoring step:
	Epochs seen: 92
	Batches seen: 13800
	Examples seen: 1380000
	learning_rate: 2.0000004497e-06
	momentum: 0.499999791384
	test_objective: 0.419972836971
	test_y_misclass: 0.193999990821
	total_seconds_last_epoch: 39.1433601379
	train_objective: 0.341156482697
	train_y_misclass: 0.149133265018
	training_seconds_this_epoch: 24.4513893127
	valid_objective: 0.420621365309
	valid_y_misclass: 0.198000028729
Time this epoch: 24.395921 seconds
Monitoring step:
	Epochs seen: 93
	Batches seen: 13950
	Examples seen: 1395000
	learning_rate: 2.0000004497e-06
	momentum: 0.499999791384
	test_objective: 0.419749826193
	test_y_misclass: 0.194249987602
	total_seconds_last_epoch: 39.0862998962
	train_objective: 0.340318053961
	train_y_misclass: 0.148999944329
	training_seconds_this_epoch: 24.3959102631
	valid_objective: 0.420399427414
	valid_y_misclass: 0.198000028729
Time this epoch: 24.473485 seconds
Monitoring step:
	Epochs seen: 94
	Batches seen: 14100
	Examples seen: 1410000
	learning_rate: 2.0000004497e-06
	momentum: 0.499999791384
	test_objective: 0.419524133205
	test_y_misclass: 0.19399997592
	total_seconds_last_epoch: 39.0209999084
	train_objective: 0.339480251074
	train_y_misclass: 0.147733300924
	training_seconds_this_epoch: 24.473493576
	valid_objective: 0.420179963112
	valid_y_misclass: 0.198000028729
Time this epoch: 24.481363 seconds
Monitoring step:
	Epochs seen: 95
	Batches seen: 14250
	Examples seen: 1425000
	learning_rate: 2.0000004497e-06
	momentum: 0.499999791384
	test_objective: 0.419297575951
	test_y_misclass: 0.19399997592
	total_seconds_last_epoch: 39.1693687439
	train_objective: 0.338643968105
	train_y_misclass: 0.147333294153
	training_seconds_this_epoch: 24.4813556671
	valid_objective: 0.419959694147
	valid_y_misclass: 0.198750019073
Time this epoch: 24.421989 seconds
Monitoring step:
	Epochs seen: 96
	Batches seen: 14400
	Examples seen: 1440000
	learning_rate: 2.0000004497e-06
	momentum: 0.499999791384
	test_objective: 0.41903758049
	test_y_misclass: 0.193749979138
	total_seconds_last_epoch: 39.1238555908
	train_objective: 0.337782382965
	train_y_misclass: 0.146599978209
	training_seconds_this_epoch: 24.421995163
	valid_objective: 0.419702649117
	valid_y_misclass: 0.198250025511
Time this epoch: 24.407415 seconds
Monitoring step:
	Epochs seen: 97
	Batches seen: 14550
	Examples seen: 1455000
	learning_rate: 2.0000004497e-06
	momentum: 0.499999791384
	test_objective: 0.418810963631
	test_y_misclass: 0.193749979138
	total_seconds_last_epoch: 39.0605621338
	train_objective: 0.336946487427
	train_y_misclass: 0.146266639233
	training_seconds_this_epoch: 24.4074230194
	valid_objective: 0.419481962919
	valid_y_misclass: 0.198250025511
Time this epoch: 24.433958 seconds
Monitoring step:
	Epochs seen: 98
	Batches seen: 14700
	Examples seen: 1470000
	learning_rate: 2.0000004497e-06
	momentum: 0.499999791384
	test_objective: 0.418587893248
	test_y_misclass: 0.193499982357
	total_seconds_last_epoch: 39.0457115173
	train_objective: 0.336118638515
	train_y_misclass: 0.146066635847
	training_seconds_this_epoch: 24.4339694977
	valid_objective: 0.419264405966
	valid_y_misclass: 0.197750031948
Time this epoch: 24.590962 seconds
Monitoring step:
	Epochs seen: 99
	Batches seen: 14850
	Examples seen: 1485000
	learning_rate: 2.0000004497e-06
	momentum: 0.499999791384
	test_objective: 0.418350607157
	test_y_misclass: 0.193249985576
	total_seconds_last_epoch: 39.0838661194
	train_objective: 0.335287243128
	train_y_misclass: 0.14546662569
	training_seconds_this_epoch: 24.5909671783
	valid_objective: 0.419033020735
	valid_y_misclass: 0.197250038385
Time this epoch: 24.421016 seconds
Monitoring step:
	Epochs seen: 100
	Batches seen: 15000
	Examples seen: 1500000
	learning_rate: 2.0000004497e-06
	momentum: 0.499999791384
	test_objective: 0.418080747128
	test_y_misclass: 0.193249985576
	total_seconds_last_epoch: 39.22315979
	train_objective: 0.334432035685
	train_y_misclass: 0.144999966025
	training_seconds_this_epoch: 24.4210109711
	valid_objective: 0.418768256903
	valid_y_misclass: 0.19650003314
Time this epoch: 24.432851 seconds
Monitoring step:
	Epochs seen: 101
	Batches seen: 15150
	Examples seen: 1515000
	learning_rate: 2.0000004497e-06
	momentum: 0.499999791384
	test_objective: 0.417854011059
	test_y_misclass: 0.192999988794
	total_seconds_last_epoch: 39.0454063416
	train_objective: 0.333604574203
	train_y_misclass: 0.144733294845
	training_seconds_this_epoch: 24.432849884
	valid_objective: 0.418549895287
	valid_y_misclass: 0.196250036359
saving model
